<?xml version="1.0" encoding="UTF-8"?>
<coverage generated="1439397081">
  <project timestamp="1439397081">
    <package name="DevGarden\simpleq\QueueBundle">
      <file name="/Users/dnaumann/Sites/simpleq/src/DevGarden/simpleq/QueueBundle/QueueBundle.php">
        <class name="QueueBundle" namespace="DevGarden\simpleq\QueueBundle">
          <metrics methods="0" coveredmethods="0" conditionals="0" coveredconditionals="0" statements="0" coveredstatements="0" elements="0" coveredelements="0"/>
        </class>
        <metrics loc="9" ncloc="9" classes="1" methods="0" coveredmethods="0" conditionals="0" coveredconditionals="0" statements="0" coveredstatements="0" elements="0" coveredelements="0"/>
      </file>
    </package>
    <package name="DevGarden\simpleq\QueueBundle\Service">
      <file name="/Users/dnaumann/Sites/simpleq/src/DevGarden/simpleq/QueueBundle/Service/JobQueueHistoryProvider.php">
        <class name="JobQueueHistoryProvider" namespace="DevGarden\simpleq\QueueBundle\Service">
          <metrics methods="0" coveredmethods="0" conditionals="0" coveredconditionals="0" statements="0" coveredstatements="0" elements="0" coveredelements="0"/>
        </class>
        <metrics loc="73" ncloc="53" classes="1" methods="0" coveredmethods="0" conditionals="0" coveredconditionals="0" statements="0" coveredstatements="0" elements="0" coveredelements="0"/>
      </file>
      <file name="/Users/dnaumann/Sites/simpleq/src/DevGarden/simpleq/QueueBundle/Service/QueueProvider.php">
        <class name="QueueProvider" namespace="DevGarden\simpleq\QueueBundle\Service">
          <metrics methods="15" coveredmethods="8" conditionals="0" coveredconditionals="0" statements="106" coveredstatements="97" elements="121" coveredelements="105"/>
        </class>
        <line num="35" type="method" name="__construct" crap="1" count="20"/>
        <line num="40" type="stmt" count="20"/>
        <line num="41" type="stmt" count="20"/>
        <line num="42" type="stmt" count="20"/>
        <line num="43" type="stmt" count="20"/>
        <line num="44" type="stmt" count="20"/>
        <line num="50" type="method" name="generateQueue" crap="3" count="3"/>
        <line num="52" type="stmt" count="3"/>
        <line num="53" type="stmt" count="3"/>
        <line num="54" type="stmt" count="1"/>
        <line num="55" type="stmt" count="1"/>
        <line num="56" type="stmt" count="1"/>
        <line num="57" type="stmt" count="1"/>
        <line num="58" type="stmt" count="1"/>
        <line num="59" type="stmt" count="1"/>
        <line num="60" type="stmt" count="1"/>
        <line num="116" type="stmt" count="2"/>
        <line num="117" type="stmt" count="2"/>
        <line num="118" type="stmt" count="2"/>
        <line num="119" type="stmt" count="2"/>
        <line num="120" type="stmt" count="2"/>
        <line num="121" type="stmt" count="2"/>
        <line num="122" type="stmt" count="2"/>
        <line num="131" type="stmt" count="1"/>
        <line num="132" type="stmt" count="1"/>
        <line num="133" type="stmt" count="1"/>
        <line num="134" type="stmt" count="1"/>
        <line num="135" type="stmt" count="1"/>
        <line num="136" type="stmt" count="1"/>
        <line num="137" type="stmt" count="2"/>
        <line num="138" type="stmt" count="2"/>
        <line num="144" type="method" name="hasQueueHistory" crap="1" count="2"/>
        <line num="146" type="stmt" count="2"/>
        <line num="153" type="method" name="hasTaskChain" crap="2" count="0"/>
        <line num="155" type="stmt" count="0"/>
        <line num="162" type="method" name="getTaskChain" crap="2" count="0"/>
        <line num="164" type="stmt" count="0"/>
        <line num="171" type="method" name="deleteOnFailure" crap="2" count="0"/>
        <line num="173" type="stmt" count="0"/>
        <line num="182" type="method" name="getQueueEntryByProperty" crap="1" count="2"/>
        <line num="184" type="stmt" count="2"/>
        <line num="185" type="stmt" count="2"/>
        <line num="186" type="stmt" count="2"/>
        <line num="187" type="stmt" count="2"/>
        <line num="188" type="stmt" count="2"/>
        <line num="190" type="stmt" count="2"/>
        <line num="191" type="stmt" count="2"/>
        <line num="192" type="stmt" count="2"/>
        <line num="193" type="stmt" count="2"/>
        <line num="195" type="stmt" count="2"/>
        <line num="203" type="method" name="getQueueEntries" crap="3" count="8"/>
        <line num="205" type="stmt" count="8"/>
        <line num="206" type="stmt" count="4"/>
        <line num="207" type="stmt" count="4"/>
        <line num="208" type="stmt" count="4"/>
        <line num="210" type="stmt" count="4"/>
        <line num="211" type="stmt" count="4"/>
        <line num="212" type="stmt" count="4"/>
        <line num="214" type="stmt" count="4"/>
        <line num="216" type="stmt" count="4"/>
        <line num="217" type="stmt" count="2"/>
        <line num="220" type="stmt" count="2"/>
        <line num="228" type="method" name="getNextOpenQueueEntry" crap="3" count="4"/>
        <line num="230" type="stmt" count="4"/>
        <line num="233" type="stmt" count="1"/>
        <line num="234" type="stmt" count="1"/>
        <line num="235" type="stmt" count="1"/>
        <line num="237" type="stmt" count="1"/>
        <line num="239" type="stmt" count="3"/>
        <line num="240" type="stmt" count="1"/>
        <line num="244" type="stmt" count="2"/>
        <line num="245" type="stmt" count="2"/>
        <line num="246" type="stmt" count="2"/>
        <line num="247" type="stmt" count="2"/>
        <line num="249" type="stmt" count="2"/>
        <line num="258" type="method" name="getQueueEntriesXOr" crap="5.03" count="3"/>
        <line num="260" type="stmt" count="3"/>
        <line num="261" type="stmt" count="3"/>
        <line num="262" type="stmt" count="0"/>
        <line num="263" type="stmt" count="0"/>
        <line num="264" type="stmt" count="3"/>
        <line num="265" type="stmt" count="3"/>
        <line num="266" type="stmt" count="3"/>
        <line num="267" type="stmt" count="3"/>
        <line num="269" type="stmt" count="3"/>
        <line num="270" type="stmt" count="3"/>
        <line num="271" type="stmt" count="3"/>
        <line num="272" type="stmt" count="3"/>
        <line num="273" type="stmt" count="3"/>
        <line num="274" type="stmt" count="3"/>
        <line num="275" type="stmt" count="3"/>
        <line num="276" type="stmt" count="3"/>
        <line num="277" type="stmt" count="3"/>
        <line num="279" type="stmt" count="3"/>
        <line num="285" type="method" name="getQueues" crap="2" count="0"/>
        <line num="287" type="stmt" count="0"/>
        <line num="293" type="method" name="clearQueue" crap="2" count="0"/>
        <line num="295" type="stmt" count="0"/>
        <line num="296" type="stmt" count="0"/>
        <line num="302" type="method" name="removeQueueEntry" crap="1" count="3"/>
        <line num="306" type="stmt" count="3"/>
        <line num="307" type="stmt" count="3"/>
        <line num="308" type="stmt" count="2"/>
        <line num="309" type="stmt" count="2"/>
        <line num="310" type="stmt" count="2"/>
        <line num="317" type="method" name="updateQueueEntry" crap="2" count="5"/>
        <line num="319" type="stmt" count="5"/>
        <line num="322" type="stmt" count="5"/>
        <line num="324" type="stmt" count="5"/>
        <line num="325" type="stmt" count="5"/>
        <line num="326" type="stmt" count="5"/>
        <line num="327" type="stmt" count="5"/>
        <line num="328" type="stmt" count="5"/>
        <line num="329" type="stmt" count="5"/>
        <line num="330" type="stmt" count="5"/>
        <line num="331" type="stmt" count="5"/>
        <line num="332" type="stmt" count="2"/>
        <line num="333" type="stmt" count="2"/>
        <line num="334" type="stmt" count="2"/>
        <line num="339" type="method" name="getQueueRepository" crap="2" count="0"/>
        <line num="341" type="stmt" count="0"/>
        <metrics loc="342" ncloc="268" classes="1" methods="15" coveredmethods="8" conditionals="0" coveredconditionals="0" statements="106" coveredstatements="97" elements="121" coveredelements="105"/>
      </file>
    </package>
    <package name="DevGarden\simpleq\SchedulerBundle">
      <file name="/Users/dnaumann/Sites/simpleq/src/DevGarden/simpleq/SchedulerBundle/SchedulerBundle.php">
        <class name="SchedulerBundle" namespace="DevGarden\simpleq\SchedulerBundle">
          <metrics methods="0" coveredmethods="0" conditionals="0" coveredconditionals="0" statements="0" coveredstatements="0" elements="0" coveredelements="0"/>
        </class>
        <metrics loc="9" ncloc="9" classes="1" methods="0" coveredmethods="0" conditionals="0" coveredconditionals="0" statements="0" coveredstatements="0" elements="0" coveredelements="0"/>
      </file>
    </package>
    <package name="DevGarden\simpleq\SchedulerBundle\Service">
      <file name="/Users/dnaumann/Sites/simpleq/src/DevGarden/simpleq/SchedulerBundle/Service/JobProvider.php">
        <class name="JobProvider" namespace="DevGarden\simpleq\SchedulerBundle\Service">
          <metrics methods="0" coveredmethods="0" conditionals="0" coveredconditionals="0" statements="0" coveredstatements="0" elements="0" coveredelements="0"/>
        </class>
        <metrics loc="116" ncloc="65" classes="1" methods="0" coveredmethods="0" conditionals="0" coveredconditionals="0" statements="0" coveredstatements="0" elements="0" coveredelements="0"/>
      </file>
      <file name="/Users/dnaumann/Sites/simpleq/src/DevGarden/simpleq/SchedulerBundle/Service/SchedulerService.php">
        <class name="SchedulerService" namespace="DevGarden\simpleq\SchedulerBundle\Service">
          <metrics methods="0" coveredmethods="0" conditionals="0" coveredconditionals="0" statements="0" coveredstatements="0" elements="0" coveredelements="0"/>
        </class>
        <metrics loc="179" ncloc="127" classes="1" methods="0" coveredmethods="0" conditionals="0" coveredconditionals="0" statements="0" coveredstatements="0" elements="0" coveredelements="0"/>
      </file>
      <file name="/Users/dnaumann/Sites/simpleq/src/DevGarden/simpleq/SchedulerBundle/Service/WorkerProvider.php">
        <class name="WorkerProvider" namespace="DevGarden\simpleq\SchedulerBundle\Service">
          <metrics methods="13" coveredmethods="11" conditionals="0" coveredconditionals="0" statements="82" coveredstatements="80" elements="95" coveredelements="91"/>
        </class>
        <line num="31" type="method" name="__construct" crap="1" count="23"/>
        <line num="33" type="stmt" count="23"/>
        <line num="34" type="stmt" count="23"/>
        <line num="35" type="stmt" count="23"/>
        <line num="36" type="stmt" count="23"/>
        <line num="41" type="method" name="getRegisteredWorkers" crap="2" count="0"/>
        <line num="43" type="stmt" count="0"/>
        <line num="50" type="method" name="getActiveWorkerCount" crap="2" count="4"/>
        <line num="52" type="stmt" count="4"/>
        <line num="53" type="stmt" count="1"/>
        <line num="54" type="stmt" count="1"/>
        <line num="55" type="stmt" count="1"/>
        <line num="57" type="stmt" count="1"/>
        <line num="58" type="stmt" count="1"/>
        <line num="59" type="stmt" count="1"/>
        <line num="60" type="stmt" count="1"/>
        <line num="63" type="stmt" count="3"/>
        <line num="64" type="stmt" count="3"/>
        <line num="65" type="stmt" count="3"/>
        <line num="66" type="stmt" count="3"/>
        <line num="69" type="stmt" count="4"/>
        <line num="76" type="method" name="getActiveWorkers" crap="2" count="8"/>
        <line num="78" type="stmt" count="8"/>
        <line num="79" type="stmt" count="6"/>
        <line num="80" type="stmt" count="6"/>
        <line num="81" type="stmt" count="6"/>
        <line num="83" type="stmt" count="6"/>
        <line num="84" type="stmt" count="6"/>
        <line num="85" type="stmt" count="6"/>
        <line num="86" type="stmt" count="6"/>
        <line num="89" type="stmt" count="2"/>
        <line num="90" type="stmt" count="2"/>
        <line num="91" type="stmt" count="2"/>
        <line num="92" type="stmt" count="2"/>
        <line num="95" type="stmt" count="8"/>
        <line num="102" type="method" name="getWorkingQueueEntryByPid" crap="1" count="4"/>
        <line num="104" type="stmt" count="4"/>
        <line num="105" type="stmt" count="4"/>
        <line num="106" type="stmt" count="4"/>
        <line num="108" type="stmt" count="4"/>
        <line num="109" type="stmt" count="4"/>
        <line num="110" type="stmt" count="4"/>
        <line num="111" type="stmt" count="4"/>
        <line num="113" type="stmt" count="4"/>
        <line num="119" type="method" name="clearQueue" crap="4.01" count="3"/>
        <line num="121" type="stmt" count="3"/>
        <line num="122" type="stmt" count="1"/>
        <line num="123" type="stmt" count="1"/>
        <line num="124" type="stmt" count="1"/>
        <line num="125" type="stmt" count="1"/>
        <line num="126" type="stmt" count="0"/>
        <line num="128" type="stmt" count="1"/>
        <line num="131" type="stmt" count="2"/>
        <line num="132" type="stmt" count="2"/>
        <line num="133" type="stmt" count="2"/>
        <line num="134" type="stmt" count="2"/>
        <line num="136" type="stmt" count="3"/>
        <line num="142" type="method" name="pushWorkerToWorkingQueue" crap="1" count="2"/>
        <line num="144" type="stmt" count="2"/>
        <line num="145" type="stmt" count="2"/>
        <line num="149" type="stmt" count="2"/>
        <line num="151" type="stmt" count="2"/>
        <line num="152" type="stmt" count="2"/>
        <line num="153" type="stmt" count="2"/>
        <line num="154" type="stmt" count="2"/>
        <line num="155" type="stmt" count="2"/>
        <line num="156" type="stmt" count="2"/>
        <line num="157" type="stmt" count="2"/>
        <line num="159" type="stmt" count="2"/>
        <line num="166" type="method" name="updateWorkerPid" crap="1" count="2"/>
        <line num="170" type="stmt" count="2"/>
        <line num="171" type="stmt" count="2"/>
        <line num="172" type="stmt" count="2"/>
        <line num="173" type="stmt" count="2"/>
        <line num="174" type="stmt" count="2"/>
        <line num="175" type="stmt" count="2"/>
        <line num="180" type="method" name="removeWorkingQueueEntry" crap="1" count="2"/>
        <line num="184" type="stmt" count="2"/>
        <line num="185" type="stmt" count="2"/>
        <line num="186" type="stmt" count="2"/>
        <line num="187" type="stmt" count="2"/>
        <line num="188" type="stmt" count="2"/>
        <line num="194" type="method" name="pushWorkerStatus" crap="1" count="1"/>
        <line num="198" type="stmt" count="1"/>
        <line num="199" type="stmt" count="1"/>
        <line num="200" type="stmt" count="1"/>
        <line num="201" type="stmt" count="1"/>
        <line num="202" type="stmt" count="1"/>
        <line num="203" type="stmt" count="1"/>
        <line num="209" type="method" name="getWorkerQueue" crap="1" count="2"/>
        <line num="211" type="stmt" count="2"/>
        <line num="218" type="method" name="getWorkerRetry" crap="1" count="2"/>
        <line num="220" type="stmt" count="2"/>
        <line num="227" type="method" name="getWorkerTask" crap="1" count="2"/>
        <line num="229" type="stmt" count="2"/>
        <metrics loc="231" ncloc="176" classes="1" methods="13" coveredmethods="11" conditionals="0" coveredconditionals="0" statements="82" coveredstatements="80" elements="95" coveredelements="91"/>
      </file>
      <file name="/Users/dnaumann/Sites/simpleq/src/DevGarden/simpleq/SchedulerBundle/Service/WorkingQueueHistoryProvider.php">
        <class name="WorkingQueueHistoryProvider" namespace="DevGarden\simpleq\SchedulerBundle\Service">
          <metrics methods="0" coveredmethods="0" conditionals="0" coveredconditionals="0" statements="0" coveredstatements="0" elements="0" coveredelements="0"/>
        </class>
        <metrics loc="95" ncloc="73" classes="1" methods="0" coveredmethods="0" conditionals="0" coveredconditionals="0" statements="0" coveredstatements="0" elements="0" coveredelements="0"/>
      </file>
    </package>
    <package name="DevGarden\simpleq\SimpleqBundle\Service">
      <file name="/Users/dnaumann/Sites/simpleq/src/DevGarden/simpleq/SimpleqBundle/Service/ConfigProvider.php">
        <class name="ConfigProvider" namespace="DevGarden\simpleq\SimpleqBundle\Service">
          <metrics methods="7" coveredmethods="7" conditionals="0" coveredconditionals="0" statements="36" coveredstatements="36" elements="43" coveredelements="43"/>
        </class>
        <line num="20" type="method" name="__construct" crap="6" count="65"/>
        <line num="22" type="stmt" count="65"/>
        <line num="23" type="stmt" count="65"/>
        <line num="24" type="stmt" count="65"/>
        <line num="25" type="stmt" count="65"/>
        <line num="26" type="stmt" count="65"/>
        <line num="27" type="stmt" count="65"/>
        <line num="28" type="stmt" count="65"/>
        <line num="29" type="stmt" count="65"/>
        <line num="30" type="stmt" count="22"/>
        <line num="31" type="stmt" count="22"/>
        <line num="32" type="stmt" count="65"/>
        <line num="33" type="stmt" count="65"/>
        <line num="34" type="stmt" count="22"/>
        <line num="35" type="stmt" count="22"/>
        <line num="36" type="stmt" count="65"/>
        <line num="37" type="stmt" count="65"/>
        <line num="38" type="stmt" count="65"/>
        <line num="44" type="method" name="getQueue" crap="3" count="5"/>
        <line num="46" type="stmt" count="5"/>
        <line num="52" type="method" name="getQueueList" crap="1" count="2"/>
        <line num="54" type="stmt" count="2"/>
        <line num="62" type="method" name="getWorker" crap="4" count="2"/>
        <line num="64" type="stmt" count="2"/>
        <line num="65" type="stmt" count="2"/>
        <line num="66" type="stmt" count="1"/>
        <line num="68" type="stmt" count="1"/>
        <line num="70" type="stmt" count="1"/>
        <line num="76" type="method" name="getWorkerList" crap="1" count="1"/>
        <line num="78" type="stmt" count="1"/>
        <line num="86" type="method" name="getQueueAttributeByQueueId" crap="5" count="14"/>
        <line num="88" type="stmt" count="14"/>
        <line num="89" type="stmt" count="14"/>
        <line num="90" type="stmt" count="10"/>
        <line num="92" type="stmt" count="10"/>
        <line num="94" type="stmt" count="9"/>
        <line num="96" type="stmt" count="4"/>
        <line num="104" type="method" name="getWorkerAttributeByServiceId" crap="4" count="10"/>
        <line num="106" type="stmt" count="10"/>
        <line num="107" type="stmt" count="10"/>
        <line num="108" type="stmt" count="6"/>
        <line num="110" type="stmt" count="5"/>
        <line num="112" type="stmt" count="4"/>
        <metrics loc="113" ncloc="79" classes="1" methods="7" coveredmethods="7" conditionals="0" coveredconditionals="0" statements="36" coveredstatements="36" elements="43" coveredelements="43"/>
      </file>
    </package>
    <package name="DevGarden\simpleq\SimpleqBundle">
      <file name="/Users/dnaumann/Sites/simpleq/src/DevGarden/simpleq/SimpleqBundle/SimpleqBundle.php">
        <class name="SimpleqBundle" namespace="DevGarden\simpleq\SimpleqBundle">
          <metrics methods="0" coveredmethods="0" conditionals="0" coveredconditionals="0" statements="0" coveredstatements="0" elements="0" coveredelements="0"/>
        </class>
        <metrics loc="9" ncloc="9" classes="1" methods="0" coveredmethods="0" conditionals="0" coveredconditionals="0" statements="0" coveredstatements="0" elements="0" coveredelements="0"/>
      </file>
    </package>
    <package name="DevGarden\simpleq\WorkerBundle">
      <file name="/Users/dnaumann/Sites/simpleq/src/DevGarden/simpleq/WorkerBundle/WorkerBundle.php">
        <class name="WorkerBundle" namespace="DevGarden\simpleq\WorkerBundle">
          <metrics methods="0" coveredmethods="0" conditionals="0" coveredconditionals="0" statements="0" coveredstatements="0" elements="0" coveredelements="0"/>
        </class>
        <metrics loc="9" ncloc="9" classes="1" methods="0" coveredmethods="0" conditionals="0" coveredconditionals="0" statements="0" coveredstatements="0" elements="0" coveredelements="0"/>
      </file>
    </package>
    <metrics files="11" loc="1185" ncloc="877" classes="11" methods="35" coveredmethods="26" conditionals="0" coveredconditionals="0" statements="224" coveredstatements="213" elements="259" coveredelements="239"/>
  </project>
</coverage>
