<?xml version="1.0" encoding="UTF-8"?>
<coverage generated="1439332413">
  <project timestamp="1439332413">
    <package name="DevGarden\simpleq\DemoBundle\Command">
      <file name="/Users/dnaumann/Sites/simpleq/src/DevGarden/simpleq/DemoBundle/Command/DemoPersistCommand.php">
        <class name="DemoPersistCommand" namespace="DevGarden\simpleq\DemoBundle\Command">
          <metrics methods="4" coveredmethods="0" conditionals="0" coveredconditionals="0" statements="42" coveredstatements="0" elements="46" coveredelements="0"/>
        </class>
        <line num="13" type="method" name="configure" crap="2" count="0"/>
        <line num="15" type="stmt" count="0"/>
        <line num="16" type="stmt" count="0"/>
        <line num="17" type="stmt" count="0"/>
        <line num="24" type="method" name="execute" crap="56" count="0"/>
        <line num="26" type="stmt" count="0"/>
        <line num="27" type="stmt" count="0"/>
        <line num="28" type="stmt" count="0"/>
        <line num="29" type="stmt" count="0"/>
        <line num="30" type="stmt" count="0"/>
        <line num="31" type="stmt" count="0"/>
        <line num="32" type="stmt" count="0"/>
        <line num="33" type="stmt" count="0"/>
        <line num="34" type="stmt" count="0"/>
        <line num="35" type="stmt" count="0"/>
        <line num="36" type="stmt" count="0"/>
        <line num="37" type="stmt" count="0"/>
        <line num="38" type="stmt" count="0"/>
        <line num="40" type="stmt" count="0"/>
        <line num="41" type="stmt" count="0"/>
        <line num="42" type="stmt" count="0"/>
        <line num="44" type="stmt" count="0"/>
        <line num="45" type="stmt" count="0"/>
        <line num="46" type="stmt" count="0"/>
        <line num="53" type="method" name="getDemoData" crap="12" count="0"/>
        <line num="55" type="stmt" count="0"/>
        <line num="56" type="stmt" count="0"/>
        <line num="57" type="stmt" count="0"/>
        <line num="58" type="stmt" count="0"/>
        <line num="59" type="stmt" count="0"/>
        <line num="61" type="stmt" count="0"/>
        <line num="62" type="stmt" count="0"/>
        <line num="63" type="stmt" count="0"/>
        <line num="64" type="stmt" count="0"/>
        <line num="65" type="stmt" count="0"/>
        <line num="67" type="stmt" count="0"/>
        <line num="73" type="method" name="demoPersist" crap="2" count="0"/>
        <line num="75" type="stmt" count="0"/>
        <line num="76" type="stmt" count="0"/>
        <line num="77" type="stmt" count="0"/>
        <line num="78" type="stmt" count="0"/>
        <line num="79" type="stmt" count="0"/>
        <line num="80" type="stmt" count="0"/>
        <line num="81" type="stmt" count="0"/>
        <line num="82" type="stmt" count="0"/>
        <line num="83" type="stmt" count="0"/>
        <metrics loc="83" ncloc="70" classes="1" methods="4" coveredmethods="0" conditionals="0" coveredconditionals="0" statements="42" coveredstatements="0" elements="46" coveredelements="0"/>
      </file>
    </package>
    <package name="DevGarden\simpleq\DemoBundle">
      <file name="/Users/dnaumann/Sites/simpleq/src/DevGarden/simpleq/DemoBundle/DemoBundle.php">
        <class name="DemoBundle" namespace="DevGarden\simpleq\DemoBundle">
          <metrics methods="0" coveredmethods="0" conditionals="0" coveredconditionals="0" statements="0" coveredstatements="0" elements="0" coveredelements="0"/>
        </class>
        <metrics loc="9" ncloc="9" classes="1" methods="0" coveredmethods="0" conditionals="0" coveredconditionals="0" statements="0" coveredstatements="0" elements="0" coveredelements="0"/>
      </file>
    </package>
    <package name="DevGarden\simpleq\DemoBundle\DependencyInjection">
      <file name="/Users/dnaumann/Sites/simpleq/src/DevGarden/simpleq/DemoBundle/DependencyInjection/Configuration.php">
        <class name="Configuration" namespace="DevGarden\simpleq\DemoBundle\DependencyInjection">
          <metrics methods="1" coveredmethods="1" conditionals="0" coveredconditionals="0" statements="3" coveredstatements="3" elements="4" coveredelements="4"/>
        </class>
        <line num="18" type="method" name="getConfigTreeBuilder" crap="1" count="1"/>
        <line num="20" type="stmt" count="1"/>
        <line num="21" type="stmt" count="1"/>
        <line num="27" type="stmt" count="1"/>
        <metrics loc="29" ncloc="15" classes="1" methods="1" coveredmethods="1" conditionals="0" coveredconditionals="0" statements="3" coveredstatements="3" elements="4" coveredelements="4"/>
      </file>
      <file name="/Users/dnaumann/Sites/simpleq/src/DevGarden/simpleq/DemoBundle/DependencyInjection/DemoExtension.php">
        <class name="DemoExtension" namespace="DevGarden\simpleq\DemoBundle\DependencyInjection">
          <metrics methods="1" coveredmethods="1" conditionals="0" coveredconditionals="0" statements="5" coveredstatements="5" elements="6" coveredelements="6"/>
        </class>
        <line num="20" type="method" name="load" crap="1" count="1"/>
        <line num="22" type="stmt" count="1"/>
        <line num="23" type="stmt" count="1"/>
        <line num="25" type="stmt" count="1"/>
        <line num="26" type="stmt" count="1"/>
        <line num="27" type="stmt" count="1"/>
        <metrics loc="28" ncloc="20" classes="1" methods="1" coveredmethods="1" conditionals="0" coveredconditionals="0" statements="5" coveredstatements="5" elements="6" coveredelements="6"/>
      </file>
    </package>
    <package name="DevGarden\simpleq\DemoBundle\Worker">
      <file name="/Users/dnaumann/Sites/simpleq/src/DevGarden/simpleq/DemoBundle/Worker/DummyWorker.php">
        <class name="DummyWorker" namespace="DevGarden\simpleq\DemoBundle\Worker">
          <metrics methods="3" coveredmethods="0" conditionals="0" coveredconditionals="0" statements="19" coveredstatements="0" elements="22" coveredelements="0"/>
        </class>
        <line num="10" type="method" name="prepare" crap="2" count="0"/>
        <line num="11" type="stmt" count="0"/>
        <line num="12" type="stmt" count="0"/>
        <line num="15" type="stmt" count="0"/>
        <line num="16" type="stmt" count="0"/>
        <line num="18" type="method" name="execute" crap="6" count="0"/>
        <line num="19" type="stmt" count="0"/>
        <line num="20" type="stmt" count="0"/>
        <line num="21" type="stmt" count="0"/>
        <line num="22" type="stmt" count="0"/>
        <line num="23" type="stmt" count="0"/>
        <line num="24" type="stmt" count="0"/>
        <line num="25" type="stmt" count="0"/>
        <line num="26" type="stmt" count="0"/>
        <line num="27" type="stmt" count="0"/>
        <line num="29" type="stmt" count="0"/>
        <line num="31" type="stmt" count="0"/>
        <line num="33" type="method" name="endJob" crap="2" count="0"/>
        <line num="34" type="stmt" count="0"/>
        <line num="35" type="stmt" count="0"/>
        <line num="38" type="stmt" count="0"/>
        <line num="39" type="stmt" count="0"/>
        <metrics loc="39" ncloc="33" classes="1" methods="3" coveredmethods="0" conditionals="0" coveredconditionals="0" statements="19" coveredstatements="0" elements="22" coveredelements="0"/>
      </file>
      <file name="/Users/dnaumann/Sites/simpleq/src/DevGarden/simpleq/DemoBundle/Worker/DummyWorkerTransform.php">
        <class name="DummyWorkerTransform" namespace="DevGarden\simpleq\DemoBundle\Worker">
          <metrics methods="1" coveredmethods="0" conditionals="0" coveredconditionals="0" statements="13" coveredstatements="0" elements="14" coveredelements="0"/>
        </class>
        <line num="9" type="method" name="execute" crap="2" count="0"/>
        <line num="10" type="stmt" count="0"/>
        <line num="11" type="stmt" count="0"/>
        <line num="12" type="stmt" count="0"/>
        <line num="14" type="stmt" count="0"/>
        <line num="16" type="stmt" count="0"/>
        <line num="17" type="stmt" count="0"/>
        <line num="18" type="stmt" count="0"/>
        <line num="19" type="stmt" count="0"/>
        <line num="21" type="stmt" count="0"/>
        <line num="23" type="stmt" count="0"/>
        <line num="24" type="stmt" count="0"/>
        <line num="26" type="stmt" count="0"/>
        <line num="27" type="stmt" count="0"/>
        <metrics loc="27" ncloc="27" classes="1" methods="1" coveredmethods="0" conditionals="0" coveredconditionals="0" statements="13" coveredstatements="0" elements="14" coveredelements="0"/>
      </file>
    </package>
    <package name="DevGarden\simpleq\QueueBundle\DependencyInjection">
      <file name="/Users/dnaumann/Sites/simpleq/src/DevGarden/simpleq/QueueBundle/DependencyInjection/Configuration.php">
        <class name="Configuration" namespace="DevGarden\simpleq\QueueBundle\DependencyInjection">
          <metrics methods="1" coveredmethods="1" conditionals="0" coveredconditionals="0" statements="3" coveredstatements="3" elements="4" coveredelements="4"/>
        </class>
        <line num="18" type="method" name="getConfigTreeBuilder" crap="1" count="1"/>
        <line num="20" type="stmt" count="1"/>
        <line num="21" type="stmt" count="1"/>
        <line num="28" type="stmt" count="1"/>
        <metrics loc="30" ncloc="16" classes="1" methods="1" coveredmethods="1" conditionals="0" coveredconditionals="0" statements="3" coveredstatements="3" elements="4" coveredelements="4"/>
      </file>
      <file name="/Users/dnaumann/Sites/simpleq/src/DevGarden/simpleq/QueueBundle/DependencyInjection/QueueExtension.php">
        <class name="QueueExtension" namespace="DevGarden\simpleq\QueueBundle\DependencyInjection">
          <metrics methods="1" coveredmethods="1" conditionals="0" coveredconditionals="0" statements="5" coveredstatements="5" elements="6" coveredelements="6"/>
        </class>
        <line num="20" type="method" name="load" crap="1" count="1"/>
        <line num="22" type="stmt" count="1"/>
        <line num="23" type="stmt" count="1"/>
        <line num="25" type="stmt" count="1"/>
        <line num="26" type="stmt" count="1"/>
        <line num="27" type="stmt" count="1"/>
        <metrics loc="28" ncloc="20" classes="1" methods="1" coveredmethods="1" conditionals="0" coveredconditionals="0" statements="5" coveredstatements="5" elements="6" coveredelements="6"/>
      </file>
    </package>
    <package name="DevGarden\simpleq\QueueBundle\Entity">
      <file name="/Users/dnaumann/Sites/simpleq/src/DevGarden/simpleq/QueueBundle/Entity/Chain.php">
        <class name="Chain" namespace="DevGarden\simpleq\QueueBundle\Entity">
          <metrics methods="11" coveredmethods="0" conditionals="0" coveredconditionals="0" statements="16" coveredstatements="0" elements="27" coveredelements="0"/>
        </class>
        <line num="58" type="method" name="getId" crap="2" count="0"/>
        <line num="60" type="stmt" count="0"/>
        <line num="69" type="method" name="setTask" crap="2" count="0"/>
        <line num="71" type="stmt" count="0"/>
        <line num="73" type="stmt" count="0"/>
        <line num="81" type="method" name="getTask" crap="2" count="0"/>
        <line num="83" type="stmt" count="0"/>
        <line num="92" type="method" name="setStatus" crap="2" count="0"/>
        <line num="94" type="stmt" count="0"/>
        <line num="96" type="stmt" count="0"/>
        <line num="104" type="method" name="getStatus" crap="2" count="0"/>
        <line num="106" type="stmt" count="0"/>
        <line num="115" type="method" name="setData" crap="2" count="0"/>
        <line num="117" type="stmt" count="0"/>
        <line num="119" type="stmt" count="0"/>
        <line num="127" type="method" name="getData" crap="2" count="0"/>
        <line num="129" type="stmt" count="0"/>
        <line num="138" type="method" name="setCreated" crap="2" count="0"/>
        <line num="140" type="stmt" count="0"/>
        <line num="142" type="stmt" count="0"/>
        <line num="150" type="method" name="getCreated" crap="2" count="0"/>
        <line num="152" type="stmt" count="0"/>
        <line num="161" type="method" name="setUpdated" crap="2" count="0"/>
        <line num="163" type="stmt" count="0"/>
        <line num="165" type="stmt" count="0"/>
        <line num="173" type="method" name="getUpdated" crap="2" count="0"/>
        <line num="175" type="stmt" count="0"/>
        <metrics loc="177" ncloc="87" classes="1" methods="11" coveredmethods="0" conditionals="0" coveredconditionals="0" statements="16" coveredstatements="0" elements="27" coveredelements="0"/>
      </file>
      <file name="/Users/dnaumann/Sites/simpleq/src/DevGarden/simpleq/QueueBundle/Entity/ChainHistory.php">
        <class name="ChainHistory" namespace="DevGarden\simpleq\QueueBundle\Entity">
          <metrics methods="13" coveredmethods="0" conditionals="0" coveredconditionals="0" statements="19" coveredstatements="0" elements="32" coveredelements="0"/>
        </class>
        <line num="64" type="method" name="getId" crap="2" count="0"/>
        <line num="66" type="stmt" count="0"/>
        <line num="75" type="method" name="setTask" crap="2" count="0"/>
        <line num="77" type="stmt" count="0"/>
        <line num="79" type="stmt" count="0"/>
        <line num="87" type="method" name="getTask" crap="2" count="0"/>
        <line num="89" type="stmt" count="0"/>
        <line num="98" type="method" name="setStatus" crap="2" count="0"/>
        <line num="100" type="stmt" count="0"/>
        <line num="102" type="stmt" count="0"/>
        <line num="110" type="method" name="getStatus" crap="2" count="0"/>
        <line num="112" type="stmt" count="0"/>
        <line num="121" type="method" name="setData" crap="2" count="0"/>
        <line num="123" type="stmt" count="0"/>
        <line num="125" type="stmt" count="0"/>
        <line num="133" type="method" name="getData" crap="2" count="0"/>
        <line num="135" type="stmt" count="0"/>
        <line num="144" type="method" name="setCreated" crap="2" count="0"/>
        <line num="146" type="stmt" count="0"/>
        <line num="148" type="stmt" count="0"/>
        <line num="156" type="method" name="getCreated" crap="2" count="0"/>
        <line num="158" type="stmt" count="0"/>
        <line num="167" type="method" name="setUpdated" crap="2" count="0"/>
        <line num="169" type="stmt" count="0"/>
        <line num="171" type="stmt" count="0"/>
        <line num="179" type="method" name="getUpdated" crap="2" count="0"/>
        <line num="181" type="stmt" count="0"/>
        <line num="190" type="method" name="setArchived" crap="2" count="0"/>
        <line num="192" type="stmt" count="0"/>
        <line num="194" type="stmt" count="0"/>
        <line num="202" type="method" name="getArchived" crap="2" count="0"/>
        <line num="204" type="stmt" count="0"/>
        <metrics loc="206" ncloc="99" classes="1" methods="13" coveredmethods="0" conditionals="0" coveredconditionals="0" statements="19" coveredstatements="0" elements="32" coveredelements="0"/>
      </file>
      <file name="/Users/dnaumann/Sites/simpleq/src/DevGarden/simpleq/QueueBundle/Entity/Dummy.php">
        <class name="Dummy" namespace="DevGarden\simpleq\QueueBundle\Entity">
          <metrics methods="11" coveredmethods="0" conditionals="0" coveredconditionals="0" statements="16" coveredstatements="0" elements="27" coveredelements="0"/>
        </class>
        <line num="57" type="method" name="getId" crap="2" count="0"/>
        <line num="59" type="stmt" count="0"/>
        <line num="67" type="method" name="getTask" crap="2" count="0"/>
        <line num="69" type="stmt" count="0"/>
        <line num="78" type="method" name="setTask" crap="2" count="0"/>
        <line num="80" type="stmt" count="0"/>
        <line num="82" type="stmt" count="0"/>
        <line num="90" type="method" name="getStatus" crap="2" count="0"/>
        <line num="92" type="stmt" count="0"/>
        <line num="101" type="method" name="setStatus" crap="2" count="0"/>
        <line num="103" type="stmt" count="0"/>
        <line num="105" type="stmt" count="0"/>
        <line num="113" type="method" name="getData" crap="2" count="0"/>
        <line num="115" type="stmt" count="0"/>
        <line num="124" type="method" name="setData" crap="2" count="0"/>
        <line num="126" type="stmt" count="0"/>
        <line num="128" type="stmt" count="0"/>
        <line num="136" type="method" name="getCreated" crap="2" count="0"/>
        <line num="138" type="stmt" count="0"/>
        <line num="147" type="method" name="setCreated" crap="2" count="0"/>
        <line num="149" type="stmt" count="0"/>
        <line num="151" type="stmt" count="0"/>
        <line num="159" type="method" name="getUpdated" crap="2" count="0"/>
        <line num="161" type="stmt" count="0"/>
        <line num="170" type="method" name="setUpdated" crap="2" count="0"/>
        <line num="172" type="stmt" count="0"/>
        <line num="174" type="stmt" count="0"/>
        <metrics loc="176" ncloc="86" classes="1" methods="11" coveredmethods="0" conditionals="0" coveredconditionals="0" statements="16" coveredstatements="0" elements="27" coveredelements="0"/>
      </file>
      <file name="/Users/dnaumann/Sites/simpleq/src/DevGarden/simpleq/QueueBundle/Entity/DummyHistory.php">
        <class name="DummyHistory" namespace="DevGarden\simpleq\QueueBundle\Entity">
          <metrics methods="13" coveredmethods="0" conditionals="0" coveredconditionals="0" statements="19" coveredstatements="0" elements="32" coveredelements="0"/>
        </class>
        <line num="64" type="method" name="getId" crap="2" count="0"/>
        <line num="66" type="stmt" count="0"/>
        <line num="74" type="method" name="getTask" crap="2" count="0"/>
        <line num="76" type="stmt" count="0"/>
        <line num="85" type="method" name="setTask" crap="2" count="0"/>
        <line num="87" type="stmt" count="0"/>
        <line num="89" type="stmt" count="0"/>
        <line num="97" type="method" name="getStatus" crap="2" count="0"/>
        <line num="99" type="stmt" count="0"/>
        <line num="108" type="method" name="setStatus" crap="2" count="0"/>
        <line num="110" type="stmt" count="0"/>
        <line num="112" type="stmt" count="0"/>
        <line num="120" type="method" name="getData" crap="2" count="0"/>
        <line num="122" type="stmt" count="0"/>
        <line num="131" type="method" name="setData" crap="2" count="0"/>
        <line num="133" type="stmt" count="0"/>
        <line num="135" type="stmt" count="0"/>
        <line num="143" type="method" name="getCreated" crap="2" count="0"/>
        <line num="145" type="stmt" count="0"/>
        <line num="154" type="method" name="setCreated" crap="2" count="0"/>
        <line num="156" type="stmt" count="0"/>
        <line num="158" type="stmt" count="0"/>
        <line num="166" type="method" name="getUpdated" crap="2" count="0"/>
        <line num="168" type="stmt" count="0"/>
        <line num="177" type="method" name="setUpdated" crap="2" count="0"/>
        <line num="179" type="stmt" count="0"/>
        <line num="181" type="stmt" count="0"/>
        <line num="189" type="method" name="getArchived" crap="2" count="0"/>
        <line num="191" type="stmt" count="0"/>
        <line num="200" type="method" name="setArchived" crap="2" count="0"/>
        <line num="202" type="stmt" count="0"/>
        <line num="204" type="stmt" count="0"/>
        <metrics loc="206" ncloc="99" classes="1" methods="13" coveredmethods="0" conditionals="0" coveredconditionals="0" statements="19" coveredstatements="0" elements="32" coveredelements="0"/>
      </file>
    </package>
    <package name="DevGarden\simpleq\QueueBundle\Process">
      <file name="/Users/dnaumann/Sites/simpleq/src/DevGarden/simpleq/QueueBundle/Process/CreateDoctrineEntityProcess.php">
        <class name="CreateDoctrineEntityProcess" namespace="DevGarden\simpleq\QueueBundle\Process">
          <metrics methods="2" coveredmethods="2" conditionals="0" coveredconditionals="0" statements="6" coveredstatements="6" elements="8" coveredelements="8"/>
        </class>
        <line num="12" type="method" name="__construct" crap="1" count="20"/>
        <line num="14" type="stmt" count="20"/>
        <line num="15" type="stmt" count="20"/>
        <line num="22" type="method" name="execute" crap="1" count="2"/>
        <line num="24" type="stmt" count="2"/>
        <line num="25" type="stmt" count="2"/>
        <line num="26" type="stmt" count="2"/>
        <line num="28" type="stmt" count="2"/>
        <metrics loc="29" ncloc="24" classes="1" methods="2" coveredmethods="2" conditionals="0" coveredconditionals="0" statements="6" coveredstatements="6" elements="8" coveredelements="8"/>
      </file>
    </package>
    <package name="DevGarden\simpleq\QueueBundle">
      <file name="/Users/dnaumann/Sites/simpleq/src/DevGarden/simpleq/QueueBundle/QueueBundle.php">
        <class name="QueueBundle" namespace="DevGarden\simpleq\QueueBundle">
          <metrics methods="0" coveredmethods="0" conditionals="0" coveredconditionals="0" statements="0" coveredstatements="0" elements="0" coveredelements="0"/>
        </class>
        <metrics loc="9" ncloc="9" classes="1" methods="0" coveredmethods="0" conditionals="0" coveredconditionals="0" statements="0" coveredstatements="0" elements="0" coveredelements="0"/>
      </file>
    </package>
    <package name="DevGarden\simpleq\QueueBundle\Service">
      <file name="/Users/dnaumann/Sites/simpleq/src/DevGarden/simpleq/QueueBundle/Service/JobQueueHistoryProvider.php">
        <class name="JobQueueHistoryProvider" namespace="DevGarden\simpleq\QueueBundle\Service">
          <metrics methods="4" coveredmethods="0" conditionals="0" coveredconditionals="0" statements="32" coveredstatements="0" elements="36" coveredelements="0"/>
        </class>
        <line num="19" type="method" name="__construct" crap="2" count="0"/>
        <line num="20" type="stmt" count="0"/>
        <line num="21" type="stmt" count="0"/>
        <line num="22" type="stmt" count="0"/>
        <line num="23" type="stmt" count="0"/>
        <line num="29" type="method" name="archiveQueueEntry" crap="2" count="0"/>
        <line num="30" type="stmt" count="0"/>
        <line num="31" type="stmt" count="0"/>
        <line num="32" type="stmt" count="0"/>
        <line num="33" type="stmt" count="0"/>
        <line num="34" type="stmt" count="0"/>
        <line num="35" type="stmt" count="0"/>
        <line num="36" type="stmt" count="0"/>
        <line num="37" type="stmt" count="0"/>
        <line num="39" type="stmt" count="0"/>
        <line num="40" type="stmt" count="0"/>
        <line num="41" type="stmt" count="0"/>
        <line num="42" type="stmt" count="0"/>
        <line num="43" type="stmt" count="0"/>
        <line num="44" type="stmt" count="0"/>
        <line num="45" type="stmt" count="0"/>
        <line num="46" type="stmt" count="0"/>
        <line num="47" type="stmt" count="0"/>
        <line num="53" type="method" name="getQueueHistory" crap="2" count="0"/>
        <line num="54" type="stmt" count="0"/>
        <line num="55" type="stmt" count="0"/>
        <line num="56" type="stmt" count="0"/>
        <line num="57" type="stmt" count="0"/>
        <line num="58" type="stmt" count="0"/>
        <line num="59" type="stmt" count="0"/>
        <line num="61" type="stmt" count="0"/>
        <line num="62" type="stmt" count="0"/>
        <line num="67" type="method" name="clearQueueHistory" crap="2" count="0"/>
        <line num="68" type="stmt" count="0"/>
        <line num="69" type="stmt" count="0"/>
        <line num="70" type="stmt" count="0"/>
        <metrics loc="70" ncloc="53" classes="1" methods="4" coveredmethods="0" conditionals="0" coveredconditionals="0" statements="32" coveredstatements="0" elements="36" coveredelements="0"/>
      </file>
      <file name="/Users/dnaumann/Sites/simpleq/src/DevGarden/simpleq/QueueBundle/Service/QueueProvider.php">
        <class name="QueueProvider" namespace="DevGarden\simpleq\QueueBundle\Service">
          <metrics methods="15" coveredmethods="8" conditionals="0" coveredconditionals="0" statements="106" coveredstatements="97" elements="121" coveredelements="105"/>
        </class>
        <line num="35" type="method" name="__construct" crap="1" count="20"/>
        <line num="40" type="stmt" count="20"/>
        <line num="41" type="stmt" count="20"/>
        <line num="42" type="stmt" count="20"/>
        <line num="43" type="stmt" count="20"/>
        <line num="44" type="stmt" count="20"/>
        <line num="50" type="method" name="generateQueue" crap="3" count="3"/>
        <line num="52" type="stmt" count="3"/>
        <line num="53" type="stmt" count="3"/>
        <line num="54" type="stmt" count="1"/>
        <line num="55" type="stmt" count="1"/>
        <line num="56" type="stmt" count="1"/>
        <line num="57" type="stmt" count="1"/>
        <line num="58" type="stmt" count="1"/>
        <line num="59" type="stmt" count="1"/>
        <line num="60" type="stmt" count="1"/>
        <line num="116" type="stmt" count="2"/>
        <line num="117" type="stmt" count="2"/>
        <line num="118" type="stmt" count="2"/>
        <line num="119" type="stmt" count="2"/>
        <line num="120" type="stmt" count="2"/>
        <line num="121" type="stmt" count="2"/>
        <line num="122" type="stmt" count="2"/>
        <line num="131" type="stmt" count="1"/>
        <line num="132" type="stmt" count="1"/>
        <line num="133" type="stmt" count="1"/>
        <line num="134" type="stmt" count="1"/>
        <line num="135" type="stmt" count="1"/>
        <line num="136" type="stmt" count="1"/>
        <line num="137" type="stmt" count="2"/>
        <line num="138" type="stmt" count="2"/>
        <line num="144" type="method" name="hasQueueHistory" crap="1" count="2"/>
        <line num="146" type="stmt" count="2"/>
        <line num="153" type="method" name="hasTaskChain" crap="2" count="0"/>
        <line num="155" type="stmt" count="0"/>
        <line num="162" type="method" name="getTaskChain" crap="2" count="0"/>
        <line num="164" type="stmt" count="0"/>
        <line num="171" type="method" name="deleteOnFailure" crap="2" count="0"/>
        <line num="173" type="stmt" count="0"/>
        <line num="182" type="method" name="getQueueEntryByProperty" crap="1" count="2"/>
        <line num="184" type="stmt" count="2"/>
        <line num="185" type="stmt" count="2"/>
        <line num="186" type="stmt" count="2"/>
        <line num="187" type="stmt" count="2"/>
        <line num="188" type="stmt" count="2"/>
        <line num="190" type="stmt" count="2"/>
        <line num="191" type="stmt" count="2"/>
        <line num="192" type="stmt" count="2"/>
        <line num="193" type="stmt" count="2"/>
        <line num="195" type="stmt" count="2"/>
        <line num="203" type="method" name="getQueueEntries" crap="3" count="8"/>
        <line num="205" type="stmt" count="8"/>
        <line num="206" type="stmt" count="4"/>
        <line num="207" type="stmt" count="4"/>
        <line num="208" type="stmt" count="4"/>
        <line num="210" type="stmt" count="4"/>
        <line num="211" type="stmt" count="4"/>
        <line num="212" type="stmt" count="4"/>
        <line num="214" type="stmt" count="4"/>
        <line num="216" type="stmt" count="4"/>
        <line num="217" type="stmt" count="2"/>
        <line num="220" type="stmt" count="2"/>
        <line num="228" type="method" name="getNextOpenQueueEntry" crap="3" count="4"/>
        <line num="230" type="stmt" count="4"/>
        <line num="233" type="stmt" count="1"/>
        <line num="234" type="stmt" count="1"/>
        <line num="235" type="stmt" count="1"/>
        <line num="237" type="stmt" count="1"/>
        <line num="239" type="stmt" count="3"/>
        <line num="240" type="stmt" count="1"/>
        <line num="244" type="stmt" count="2"/>
        <line num="245" type="stmt" count="2"/>
        <line num="246" type="stmt" count="2"/>
        <line num="247" type="stmt" count="2"/>
        <line num="249" type="stmt" count="2"/>
        <line num="258" type="method" name="getQueueEntriesXOr" crap="5.03" count="3"/>
        <line num="260" type="stmt" count="3"/>
        <line num="261" type="stmt" count="3"/>
        <line num="262" type="stmt" count="0"/>
        <line num="263" type="stmt" count="0"/>
        <line num="264" type="stmt" count="3"/>
        <line num="265" type="stmt" count="3"/>
        <line num="266" type="stmt" count="3"/>
        <line num="267" type="stmt" count="3"/>
        <line num="269" type="stmt" count="3"/>
        <line num="270" type="stmt" count="3"/>
        <line num="271" type="stmt" count="3"/>
        <line num="272" type="stmt" count="3"/>
        <line num="273" type="stmt" count="3"/>
        <line num="274" type="stmt" count="3"/>
        <line num="275" type="stmt" count="3"/>
        <line num="276" type="stmt" count="3"/>
        <line num="277" type="stmt" count="3"/>
        <line num="279" type="stmt" count="3"/>
        <line num="285" type="method" name="getQueues" crap="2" count="0"/>
        <line num="287" type="stmt" count="0"/>
        <line num="293" type="method" name="clearQueue" crap="2" count="0"/>
        <line num="295" type="stmt" count="0"/>
        <line num="296" type="stmt" count="0"/>
        <line num="302" type="method" name="removeQueueEntry" crap="1" count="3"/>
        <line num="306" type="stmt" count="3"/>
        <line num="307" type="stmt" count="3"/>
        <line num="308" type="stmt" count="3"/>
        <line num="309" type="stmt" count="3"/>
        <line num="310" type="stmt" count="2"/>
        <line num="317" type="method" name="updateQueueEntry" crap="2" count="5"/>
        <line num="319" type="stmt" count="5"/>
        <line num="322" type="stmt" count="5"/>
        <line num="324" type="stmt" count="5"/>
        <line num="325" type="stmt" count="5"/>
        <line num="326" type="stmt" count="5"/>
        <line num="327" type="stmt" count="5"/>
        <line num="328" type="stmt" count="5"/>
        <line num="329" type="stmt" count="5"/>
        <line num="330" type="stmt" count="5"/>
        <line num="331" type="stmt" count="5"/>
        <line num="332" type="stmt" count="5"/>
        <line num="333" type="stmt" count="5"/>
        <line num="334" type="stmt" count="2"/>
        <line num="339" type="method" name="getQueueRepository" crap="2" count="0"/>
        <line num="341" type="stmt" count="0"/>
        <metrics loc="342" ncloc="268" classes="1" methods="15" coveredmethods="8" conditionals="0" coveredconditionals="0" statements="106" coveredstatements="97" elements="121" coveredelements="105"/>
      </file>
    </package>
    <package name="DevGarden\simpleq\QueueBundle\Tests">
      <file name="/Users/dnaumann/Sites/simpleq/src/DevGarden/simpleq/QueueBundle/Tests/QueueProviderTest.php">
        <class name="QueueProviderTest" namespace="DevGarden\simpleq\QueueBundle\Tests">
          <metrics methods="26" coveredmethods="21" conditionals="0" coveredconditionals="0" statements="145" coveredstatements="138" elements="171" coveredelements="159"/>
        </class>
        <line num="36" type="method" name="setUp" crap="3" count="20"/>
        <line num="38" type="stmt" count="20"/>
        <line num="39" type="stmt" count="20"/>
        <line num="41" type="stmt" count="20"/>
        <line num="42" type="stmt" count="20"/>
        <line num="44" type="stmt" count="20"/>
        <line num="47" type="stmt" count="20"/>
        <line num="49" type="stmt" count="20"/>
        <line num="50" type="stmt" count="20"/>
        <line num="51" type="stmt" count="20"/>
        <line num="53" type="stmt" count="20"/>
        <line num="54" type="stmt" count="20"/>
        <line num="57" type="stmt" count="20"/>
        <line num="59" type="stmt" count="20"/>
        <line num="60" type="stmt" count="20"/>
        <line num="61" type="stmt" count="20"/>
        <line num="62" type="stmt" count="20"/>
        <line num="63" type="stmt" count="20"/>
        <line num="64" type="stmt" count="20"/>
        <line num="65" type="stmt" count="20"/>
        <line num="68" type="stmt" count="20"/>
        <line num="69" type="stmt" count="19"/>
        <line num="70" type="stmt" count="19"/>
        <line num="71" type="stmt" count="19"/>
        <line num="72" type="stmt" count="19"/>
        <line num="73" type="stmt" count="19"/>
        <line num="74" type="stmt" count="19"/>
        <line num="75" type="stmt" count="19"/>
        <line num="76" type="stmt" count="19"/>
        <line num="77" type="stmt" count="20"/>
        <line num="79" type="method" name="tearDown" crap="1" count="20"/>
        <line num="81" type="stmt" count="20"/>
        <line num="82" type="stmt" count="20"/>
        <line num="83" type="stmt" count="20"/>
        <line num="84" type="stmt" count="20"/>
        <line num="86" type="method" name="testGenerateQueueValid" crap="1" count="1"/>
        <line num="88" type="stmt" count="1"/>
        <line num="89" type="stmt" count="1"/>
        <line num="90" type="stmt" count="1"/>
        <line num="91" type="stmt" count="1"/>
        <line num="109" type="stmt" count="1"/>
        <line num="111" type="method" name="testGenerateQueueHistory" crap="1" count="1"/>
        <line num="113" type="stmt" count="1"/>
        <line num="114" type="stmt" count="1"/>
        <line num="115" type="stmt" count="1"/>
        <line num="116" type="stmt" count="1"/>
        <line num="117" type="stmt" count="1"/>
        <line num="118" type="stmt" count="1"/>
        <line num="123" type="method" name="persistTestEntry" crap="1" count="19"/>
        <line num="125" type="stmt" count="19"/>
        <line num="126" type="stmt" count="19"/>
        <line num="127" type="stmt" count="19"/>
        <line num="128" type="stmt" count="19"/>
        <line num="129" type="stmt" count="19"/>
        <line num="130" type="stmt" count="19"/>
        <line num="132" type="stmt" count="19"/>
        <line num="134" type="stmt" count="19"/>
        <line num="135" type="stmt" count="19"/>
        <line num="136" type="stmt" count="19"/>
        <line num="137" type="stmt" count="19"/>
        <line num="142" type="method" name="testGenerateQueueInvalid" crap="1.30" count="1"/>
        <line num="144" type="stmt" count="1"/>
        <line num="145" type="stmt" count="0"/>
        <line num="146" type="stmt" count="0"/>
        <line num="148" type="method" name="testGetQueueEntriesWithoutTask" crap="1" count="1"/>
        <line num="150" type="stmt" count="1"/>
        <line num="151" type="stmt" count="1"/>
        <line num="152" type="stmt" count="1"/>
        <line num="154" type="method" name="testGetQueueEntriesWithTask" crap="1" count="1"/>
        <line num="156" type="stmt" count="1"/>
        <line num="157" type="stmt" count="1"/>
        <line num="158" type="stmt" count="1"/>
        <line num="159" type="stmt" count="1"/>
        <line num="160" type="stmt" count="1"/>
        <line num="162" type="method" name="testGetQueueEntriesWithTasks" crap="1" count="1"/>
        <line num="164" type="stmt" count="1"/>
        <line num="165" type="stmt" count="1"/>
        <line num="166" type="stmt" count="1"/>
        <line num="167" type="stmt" count="1"/>
        <line num="169" type="method" name="testGetQueueEntriesWithTaskNotExist" crap="1" count="1"/>
        <line num="171" type="stmt" count="1"/>
        <line num="172" type="stmt" count="1"/>
        <line num="173" type="stmt" count="1"/>
        <line num="175" type="method" name="testGetNextOpenQueueEntryWithoutTask" crap="1" count="1"/>
        <line num="177" type="stmt" count="1"/>
        <line num="178" type="stmt" count="1"/>
        <line num="179" type="stmt" count="1"/>
        <line num="180" type="stmt" count="1"/>
        <line num="182" type="method" name="testGetNextOpenQueueEntryWithTask" crap="1" count="1"/>
        <line num="184" type="stmt" count="1"/>
        <line num="185" type="stmt" count="1"/>
        <line num="186" type="stmt" count="1"/>
        <line num="187" type="stmt" count="1"/>
        <line num="189" type="method" name="testGetNextOpenQueueEntryWithTasks" crap="1" count="1"/>
        <line num="191" type="stmt" count="1"/>
        <line num="192" type="stmt" count="1"/>
        <line num="193" type="stmt" count="1"/>
        <line num="195" type="method" name="testGetNextOpenQueueEntryWithTaskNotExist" crap="1" count="1"/>
        <line num="197" type="stmt" count="1"/>
        <line num="198" type="stmt" count="1"/>
        <line num="200" type="method" name="testRemoveQueueEntryValid" crap="1" count="1"/>
        <line num="202" type="stmt" count="1"/>
        <line num="203" type="stmt" count="1"/>
        <line num="204" type="stmt" count="1"/>
        <line num="205" type="stmt" count="1"/>
        <line num="210" type="method" name="testRemoveQueueEntryInvalidQueue" crap="1.30" count="1"/>
        <line num="212" type="stmt" count="1"/>
        <line num="213" type="stmt" count="0"/>
        <line num="214" type="stmt" count="0"/>
        <line num="216" type="method" name="testRemoveQueueEntryInvalidId" crap="1" count="1"/>
        <line num="218" type="stmt" count="1"/>
        <line num="219" type="stmt" count="1"/>
        <line num="220" type="stmt" count="1"/>
        <line num="222" type="method" name="testUpdateQueueEntryValid" crap="1" count="1"/>
        <line num="224" type="stmt" count="1"/>
        <line num="225" type="stmt" count="1"/>
        <line num="226" type="stmt" count="1"/>
        <line num="227" type="stmt" count="1"/>
        <line num="232" type="method" name="testUpdateQueueEntryInvalidQueue" crap="1.12" count="1"/>
        <line num="234" type="stmt" count="1"/>
        <line num="235" type="stmt" count="0"/>
        <line num="237" type="method" name="testUpdateQueueEntryInvalidId" crap="1" count="1"/>
        <line num="239" type="stmt" count="1"/>
        <line num="240" type="stmt" count="1"/>
        <line num="241" type="stmt" count="1"/>
        <line num="242" type="stmt" count="1"/>
        <line num="247" type="method" name="testUpdateQueueEntryInvalidArgsNull" crap="1.12" count="1"/>
        <line num="249" type="stmt" count="1"/>
        <line num="250" type="stmt" count="0"/>
        <line num="255" type="method" name="testUpdateQueueEntryInvalidArgsFoo" crap="1.12" count="1"/>
        <line num="257" type="stmt" count="1"/>
        <line num="258" type="stmt" count="0"/>
        <line num="260" type="method" name="testCleanUp" crap="1" count="1"/>
        <line num="262" type="stmt" count="1"/>
        <line num="263" type="stmt" count="1"/>
        <line num="264" type="stmt" count="1"/>
        <line num="265" type="stmt" count="1"/>
        <line num="270" type="method" name="getEntityProcess" crap="1" count="20"/>
        <line num="272" type="stmt" count="20"/>
        <line num="278" type="method" name="getDoctrine" crap="1" count="20"/>
        <line num="280" type="stmt" count="20"/>
        <line num="286" type="method" name="getDataSet" crap="1" count="19"/>
        <line num="288" type="stmt" count="19"/>
        <line num="289" type="stmt" count="19"/>
        <line num="291" type="stmt" count="19"/>
        <line num="294" type="stmt" count="19"/>
        <line num="295" type="stmt" count="19"/>
        <line num="296" type="stmt" count="19"/>
        <line num="297" type="stmt" count="19"/>
        <line num="298" type="stmt" count="19"/>
        <line num="300" type="stmt" count="19"/>
        <line num="302" type="stmt" count="19"/>
        <line num="303" type="stmt" count="19"/>
        <line num="304" type="stmt" count="19"/>
        <line num="305" type="stmt" count="19"/>
        <line num="306" type="stmt" count="19"/>
        <line num="308" type="stmt" count="19"/>
        <line num="310" type="stmt" count="19"/>
        <line num="311" type="stmt" count="19"/>
        <line num="312" type="stmt" count="19"/>
        <line num="313" type="stmt" count="19"/>
        <line num="314" type="stmt" count="19"/>
        <line num="316" type="stmt" count="19"/>
        <line num="318" type="stmt" count="19"/>
        <line num="319" type="stmt" count="19"/>
        <line num="320" type="stmt" count="19"/>
        <line num="321" type="stmt" count="19"/>
        <line num="322" type="stmt" count="19"/>
        <line num="324" type="stmt" count="19"/>
        <line num="325" type="stmt" count="19"/>
        <line num="326" type="stmt" count="19"/>
        <metrics loc="328" ncloc="269" classes="1" methods="26" coveredmethods="21" conditionals="0" coveredconditionals="0" statements="145" coveredstatements="138" elements="171" coveredelements="159"/>
      </file>
    </package>
    <package name="DevGarden\simpleq\SchedulerBundle\DependencyInjection">
      <file name="/Users/dnaumann/Sites/simpleq/src/DevGarden/simpleq/SchedulerBundle/DependencyInjection/Configuration.php">
        <class name="Configuration" namespace="DevGarden\simpleq\SchedulerBundle\DependencyInjection">
          <metrics methods="1" coveredmethods="1" conditionals="0" coveredconditionals="0" statements="3" coveredstatements="3" elements="4" coveredelements="4"/>
        </class>
        <line num="18" type="method" name="getConfigTreeBuilder" crap="1" count="1"/>
        <line num="20" type="stmt" count="1"/>
        <line num="21" type="stmt" count="1"/>
        <line num="27" type="stmt" count="1"/>
        <metrics loc="29" ncloc="15" classes="1" methods="1" coveredmethods="1" conditionals="0" coveredconditionals="0" statements="3" coveredstatements="3" elements="4" coveredelements="4"/>
      </file>
      <file name="/Users/dnaumann/Sites/simpleq/src/DevGarden/simpleq/SchedulerBundle/DependencyInjection/SchedulerExtension.php">
        <class name="SchedulerExtension" namespace="DevGarden\simpleq\SchedulerBundle\DependencyInjection">
          <metrics methods="1" coveredmethods="1" conditionals="0" coveredconditionals="0" statements="5" coveredstatements="5" elements="6" coveredelements="6"/>
        </class>
        <line num="20" type="method" name="load" crap="1" count="1"/>
        <line num="22" type="stmt" count="1"/>
        <line num="23" type="stmt" count="1"/>
        <line num="25" type="stmt" count="1"/>
        <line num="26" type="stmt" count="1"/>
        <line num="27" type="stmt" count="1"/>
        <metrics loc="28" ncloc="20" classes="1" methods="1" coveredmethods="1" conditionals="0" coveredconditionals="0" statements="5" coveredstatements="5" elements="6" coveredelements="6"/>
      </file>
    </package>
    <package name="DevGarden\simpleq\SchedulerBundle\Entity">
      <file name="/Users/dnaumann/Sites/simpleq/src/DevGarden/simpleq/SchedulerBundle/Entity/WorkingQueue.php">
        <class name="WorkingQueue" namespace="DevGarden\simpleq\SchedulerBundle\Entity">
          <metrics methods="11" coveredmethods="5" conditionals="0" coveredconditionals="0" statements="16" coveredstatements="10" elements="27" coveredelements="15"/>
        </class>
        <line num="57" type="method" name="getId" crap="2" count="0"/>
        <line num="59" type="stmt" count="0"/>
        <line num="67" type="method" name="getStatus" crap="2" count="0"/>
        <line num="69" type="stmt" count="0"/>
        <line num="78" type="method" name="setStatus" crap="1" count="21"/>
        <line num="80" type="stmt" count="21"/>
        <line num="82" type="stmt" count="21"/>
        <line num="90" type="method" name="getPid" crap="2" count="0"/>
        <line num="92" type="stmt" count="0"/>
        <line num="101" type="method" name="setPid" crap="1" count="21"/>
        <line num="103" type="stmt" count="21"/>
        <line num="105" type="stmt" count="21"/>
        <line num="113" type="method" name="getWorker" crap="2" count="0"/>
        <line num="115" type="stmt" count="0"/>
        <line num="124" type="method" name="setWorker" crap="1" count="21"/>
        <line num="126" type="stmt" count="21"/>
        <line num="128" type="stmt" count="21"/>
        <line num="136" type="method" name="getCreated" crap="2" count="0"/>
        <line num="138" type="stmt" count="0"/>
        <line num="147" type="method" name="setCreated" crap="1" count="21"/>
        <line num="149" type="stmt" count="21"/>
        <line num="151" type="stmt" count="21"/>
        <line num="159" type="method" name="getUpdated" crap="2" count="0"/>
        <line num="161" type="stmt" count="0"/>
        <line num="170" type="method" name="setUpdated" crap="1" count="21"/>
        <line num="172" type="stmt" count="21"/>
        <line num="174" type="stmt" count="21"/>
        <metrics loc="176" ncloc="86" classes="1" methods="11" coveredmethods="5" conditionals="0" coveredconditionals="0" statements="16" coveredstatements="10" elements="27" coveredelements="15"/>
      </file>
      <file name="/Users/dnaumann/Sites/simpleq/src/DevGarden/simpleq/SchedulerBundle/Entity/WorkingQueueHistory.php">
        <class name="WorkingQueueHistory" namespace="DevGarden\simpleq\SchedulerBundle\Entity">
          <metrics methods="13" coveredmethods="0" conditionals="0" coveredconditionals="0" statements="19" coveredstatements="0" elements="32" coveredelements="0"/>
        </class>
        <line num="65" type="method" name="getId" crap="2" count="0"/>
        <line num="67" type="stmt" count="0"/>
        <line num="75" type="method" name="getStatus" crap="2" count="0"/>
        <line num="77" type="stmt" count="0"/>
        <line num="86" type="method" name="setStatus" crap="2" count="0"/>
        <line num="88" type="stmt" count="0"/>
        <line num="90" type="stmt" count="0"/>
        <line num="98" type="method" name="getPid" crap="2" count="0"/>
        <line num="100" type="stmt" count="0"/>
        <line num="109" type="method" name="setPid" crap="2" count="0"/>
        <line num="111" type="stmt" count="0"/>
        <line num="113" type="stmt" count="0"/>
        <line num="121" type="method" name="getWorker" crap="2" count="0"/>
        <line num="123" type="stmt" count="0"/>
        <line num="132" type="method" name="setWorker" crap="2" count="0"/>
        <line num="134" type="stmt" count="0"/>
        <line num="136" type="stmt" count="0"/>
        <line num="144" type="method" name="getCreated" crap="2" count="0"/>
        <line num="146" type="stmt" count="0"/>
        <line num="155" type="method" name="setCreated" crap="2" count="0"/>
        <line num="157" type="stmt" count="0"/>
        <line num="159" type="stmt" count="0"/>
        <line num="167" type="method" name="getUpdated" crap="2" count="0"/>
        <line num="169" type="stmt" count="0"/>
        <line num="178" type="method" name="setUpdated" crap="2" count="0"/>
        <line num="180" type="stmt" count="0"/>
        <line num="182" type="stmt" count="0"/>
        <line num="190" type="method" name="getArchived" crap="2" count="0"/>
        <line num="192" type="stmt" count="0"/>
        <line num="201" type="method" name="setArchived" crap="2" count="0"/>
        <line num="203" type="stmt" count="0"/>
        <line num="205" type="stmt" count="0"/>
        <metrics loc="207" ncloc="102" classes="1" methods="13" coveredmethods="0" conditionals="0" coveredconditionals="0" statements="19" coveredstatements="0" elements="32" coveredelements="0"/>
      </file>
    </package>
    <package name="DevGarden\simpleq\SchedulerBundle\Extension">
      <file name="/Users/dnaumann/Sites/simpleq/src/DevGarden/simpleq/SchedulerBundle/Extension/JobStatus.php">
        <class name="JobStatus" namespace="DevGarden\simpleq\SchedulerBundle\Extension">
          <metrics methods="0" coveredmethods="0" conditionals="0" coveredconditionals="0" statements="0" coveredstatements="0" elements="0" coveredelements="0"/>
        </class>
        <metrics loc="9" ncloc="9" classes="1" methods="0" coveredmethods="0" conditionals="0" coveredconditionals="0" statements="0" coveredstatements="0" elements="0" coveredelements="0"/>
      </file>
    </package>
    <package name="DevGarden\simpleq\SchedulerBundle">
      <file name="/Users/dnaumann/Sites/simpleq/src/DevGarden/simpleq/SchedulerBundle/SchedulerBundle.php">
        <class name="SchedulerBundle" namespace="DevGarden\simpleq\SchedulerBundle">
          <metrics methods="0" coveredmethods="0" conditionals="0" coveredconditionals="0" statements="0" coveredstatements="0" elements="0" coveredelements="0"/>
        </class>
        <metrics loc="9" ncloc="9" classes="1" methods="0" coveredmethods="0" conditionals="0" coveredconditionals="0" statements="0" coveredstatements="0" elements="0" coveredelements="0"/>
      </file>
    </package>
    <package name="DevGarden\simpleq\SchedulerBundle\Service">
      <file name="/Users/dnaumann/Sites/simpleq/src/DevGarden/simpleq/SchedulerBundle/Service/JobProvider.php">
        <class name="JobProvider" namespace="DevGarden\simpleq\SchedulerBundle\Service">
          <metrics methods="10" coveredmethods="0" conditionals="0" coveredconditionals="0" statements="33" coveredstatements="0" elements="43" coveredelements="0"/>
        </class>
        <line num="24" type="method" name="__construct" crap="2" count="0"/>
        <line num="25" type="stmt" count="0"/>
        <line num="26" type="stmt" count="0"/>
        <line num="27" type="stmt" count="0"/>
        <line num="28" type="stmt" count="0"/>
        <line num="35" type="method" name="provideJob" crap="2" count="0"/>
        <line num="36" type="stmt" count="0"/>
        <line num="37" type="stmt" count="0"/>
        <line num="38" type="stmt" count="0"/>
        <line num="44" type="method" name="removeJob" crap="2" count="0"/>
        <line num="45" type="stmt" count="0"/>
        <line num="46" type="stmt" count="0"/>
        <line num="47" type="stmt" count="0"/>
        <line num="53" type="method" name="archiveJob" crap="2" count="0"/>
        <line num="54" type="stmt" count="0"/>
        <line num="55" type="stmt" count="0"/>
        <line num="56" type="stmt" count="0"/>
        <line num="57" type="stmt" count="0"/>
        <line num="63" type="method" name="hasToDeleteFailedJob" crap="2" count="0"/>
        <line num="64" type="stmt" count="0"/>
        <line num="65" type="stmt" count="0"/>
        <line num="66" type="stmt" count="0"/>
        <line num="72" type="method" name="hasToArchiveJob" crap="2" count="0"/>
        <line num="73" type="stmt" count="0"/>
        <line num="74" type="stmt" count="0"/>
        <line num="75" type="stmt" count="0"/>
        <line num="81" type="method" name="hasTaskChain" crap="2" count="0"/>
        <line num="82" type="stmt" count="0"/>
        <line num="83" type="stmt" count="0"/>
        <line num="84" type="stmt" count="0"/>
        <line num="90" type="method" name="getTaskChain" crap="2" count="0"/>
        <line num="91" type="stmt" count="0"/>
        <line num="92" type="stmt" count="0"/>
        <line num="93" type="stmt" count="0"/>
        <line num="101" type="method" name="updateJobAttribute" crap="2" count="0"/>
        <line num="102" type="stmt" count="0"/>
        <line num="103" type="stmt" count="0"/>
        <line num="104" type="stmt" count="0"/>
        <line num="105" type="stmt" count="0"/>
        <line num="110" type="method" name="getQueueRepository" crap="2" count="0"/>
        <line num="111" type="stmt" count="0"/>
        <line num="112" type="stmt" count="0"/>
        <line num="113" type="stmt" count="0"/>
        <metrics loc="113" ncloc="65" classes="1" methods="10" coveredmethods="0" conditionals="0" coveredconditionals="0" statements="33" coveredstatements="0" elements="43" coveredelements="0"/>
      </file>
      <file name="/Users/dnaumann/Sites/simpleq/src/DevGarden/simpleq/SchedulerBundle/Service/SchedulerService.php">
        <class name="SchedulerService" namespace="DevGarden\simpleq\SchedulerBundle\Service">
          <metrics methods="7" coveredmethods="0" conditionals="0" coveredconditionals="0" statements="91" coveredstatements="0" elements="98" coveredelements="0"/>
        </class>
        <line num="40" type="method" name="__construct" crap="2" count="0"/>
        <line num="41" type="stmt" count="0"/>
        <line num="42" type="stmt" count="0"/>
        <line num="43" type="stmt" count="0"/>
        <line num="44" type="stmt" count="0"/>
        <line num="45" type="stmt" count="0"/>
        <line num="46" type="stmt" count="0"/>
        <line num="47" type="stmt" count="0"/>
        <line num="48" type="stmt" count="0"/>
        <line num="49" type="stmt" count="0"/>
        <line num="50" type="stmt" count="0"/>
        <line num="56" type="method" name="processScheduler" crap="20" count="0"/>
        <line num="57" type="stmt" count="0"/>
        <line num="58" type="stmt" count="0"/>
        <line num="59" type="stmt" count="0"/>
        <line num="60" type="stmt" count="0"/>
        <line num="61" type="stmt" count="0"/>
        <line num="62" type="stmt" count="0"/>
        <line num="63" type="stmt" count="0"/>
        <line num="64" type="stmt" count="0"/>
        <line num="65" type="stmt" count="0"/>
        <line num="66" type="stmt" count="0"/>
        <line num="67" type="stmt" count="0"/>
        <line num="75" type="method" name="spawnWorkers" crap="72" count="0"/>
        <line num="76" type="stmt" count="0"/>
        <line num="77" type="stmt" count="0"/>
        <line num="78" type="stmt" count="0"/>
        <line num="79" type="stmt" count="0"/>
        <line num="80" type="stmt" count="0"/>
        <line num="81" type="stmt" count="0"/>
        <line num="82" type="stmt" count="0"/>
        <line num="83" type="stmt" count="0"/>
        <line num="84" type="stmt" count="0"/>
        <line num="85" type="stmt" count="0"/>
        <line num="86" type="stmt" count="0"/>
        <line num="87" type="stmt" count="0"/>
        <line num="88" type="stmt" count="0"/>
        <line num="89" type="stmt" count="0"/>
        <line num="90" type="stmt" count="0"/>
        <line num="91" type="stmt" count="0"/>
        <line num="92" type="stmt" count="0"/>
        <line num="93" type="stmt" count="0"/>
        <line num="94" type="stmt" count="0"/>
        <line num="95" type="stmt" count="0"/>
        <line num="96" type="stmt" count="0"/>
        <line num="97" type="stmt" count="0"/>
        <line num="98" type="stmt" count="0"/>
        <line num="99" type="stmt" count="0"/>
        <line num="100" type="stmt" count="0"/>
        <line num="101" type="stmt" count="0"/>
        <line num="102" type="stmt" count="0"/>
        <line num="103" type="stmt" count="0"/>
        <line num="104" type="stmt" count="0"/>
        <line num="105" type="stmt" count="0"/>
        <line num="106" type="stmt" count="0"/>
        <line num="107" type="stmt" count="0"/>
        <line num="108" type="stmt" count="0"/>
        <line num="109" type="stmt" count="0"/>
        <line num="110" type="stmt" count="0"/>
        <line num="117" type="method" name="registerWorker" crap="6" count="0"/>
        <line num="118" type="stmt" count="0"/>
        <line num="119" type="stmt" count="0"/>
        <line num="120" type="stmt" count="0"/>
        <line num="121" type="stmt" count="0"/>
        <line num="122" type="stmt" count="0"/>
        <line num="123" type="stmt" count="0"/>
        <line num="124" type="stmt" count="0"/>
        <line num="125" type="stmt" count="0"/>
        <line num="126" type="stmt" count="0"/>
        <line num="127" type="stmt" count="0"/>
        <line num="128" type="stmt" count="0"/>
        <line num="137" type="method" name="getJob" crap="12" count="0"/>
        <line num="138" type="stmt" count="0"/>
        <line num="139" type="stmt" count="0"/>
        <line num="140" type="stmt" count="0"/>
        <line num="141" type="stmt" count="0"/>
        <line num="142" type="stmt" count="0"/>
        <line num="143" type="stmt" count="0"/>
        <line num="144" type="stmt" count="0"/>
        <line num="145" type="stmt" count="0"/>
        <line num="146" type="stmt" count="0"/>
        <line num="147" type="stmt" count="0"/>
        <line num="148" type="stmt" count="0"/>
        <line num="149" type="stmt" count="0"/>
        <line num="151" type="stmt" count="0"/>
        <line num="152" type="stmt" count="0"/>
        <line num="153" type="stmt" count="0"/>
        <line num="154" type="stmt" count="0"/>
        <line num="155" type="stmt" count="0"/>
        <line num="161" type="method" name="isWorkerLimitReached" crap="12" count="0"/>
        <line num="162" type="stmt" count="0"/>
        <line num="163" type="stmt" count="0"/>
        <line num="165" type="stmt" count="0"/>
        <line num="166" type="stmt" count="0"/>
        <line num="173" type="method" name="provideJob" crap="2" count="0"/>
        <line num="174" type="stmt" count="0"/>
        <line num="175" type="stmt" count="0"/>
        <line num="176" type="stmt" count="0"/>
        <metrics loc="176" ncloc="127" classes="1" methods="7" coveredmethods="0" conditionals="0" coveredconditionals="0" statements="91" coveredstatements="0" elements="98" coveredelements="0"/>
      </file>
      <file name="/Users/dnaumann/Sites/simpleq/src/DevGarden/simpleq/SchedulerBundle/Service/WorkerProvider.php">
        <class name="WorkerProvider" namespace="DevGarden\simpleq\SchedulerBundle\Service">
          <metrics methods="13" coveredmethods="11" conditionals="0" coveredconditionals="0" statements="78" coveredstatements="76" elements="91" coveredelements="87"/>
        </class>
        <line num="31" type="method" name="__construct" crap="1" count="21"/>
        <line num="33" type="stmt" count="21"/>
        <line num="34" type="stmt" count="21"/>
        <line num="35" type="stmt" count="21"/>
        <line num="36" type="stmt" count="21"/>
        <line num="41" type="method" name="getRegisteredWorkers" crap="2" count="0"/>
        <line num="43" type="stmt" count="0"/>
        <line num="50" type="method" name="getActiveWorkerCount" crap="2" count="4"/>
        <line num="52" type="stmt" count="4"/>
        <line num="53" type="stmt" count="1"/>
        <line num="54" type="stmt" count="1"/>
        <line num="55" type="stmt" count="1"/>
        <line num="57" type="stmt" count="1"/>
        <line num="58" type="stmt" count="1"/>
        <line num="59" type="stmt" count="1"/>
        <line num="60" type="stmt" count="1"/>
        <line num="63" type="stmt" count="3"/>
        <line num="64" type="stmt" count="3"/>
        <line num="65" type="stmt" count="3"/>
        <line num="66" type="stmt" count="3"/>
        <line num="69" type="stmt" count="4"/>
        <line num="76" type="method" name="getActiveWorkers" crap="2" count="8"/>
        <line num="78" type="stmt" count="8"/>
        <line num="79" type="stmt" count="6"/>
        <line num="80" type="stmt" count="6"/>
        <line num="81" type="stmt" count="6"/>
        <line num="83" type="stmt" count="6"/>
        <line num="84" type="stmt" count="6"/>
        <line num="85" type="stmt" count="6"/>
        <line num="86" type="stmt" count="6"/>
        <line num="89" type="stmt" count="2"/>
        <line num="90" type="stmt" count="2"/>
        <line num="91" type="stmt" count="2"/>
        <line num="92" type="stmt" count="2"/>
        <line num="95" type="stmt" count="8"/>
        <line num="102" type="method" name="getWorkingQueueEntryByPid" crap="1" count="4"/>
        <line num="104" type="stmt" count="4"/>
        <line num="105" type="stmt" count="4"/>
        <line num="106" type="stmt" count="4"/>
        <line num="108" type="stmt" count="4"/>
        <line num="109" type="stmt" count="4"/>
        <line num="110" type="stmt" count="4"/>
        <line num="111" type="stmt" count="4"/>
        <line num="113" type="stmt" count="4"/>
        <line num="119" type="method" name="clearQueue" crap="2" count="3"/>
        <line num="121" type="stmt" count="3"/>
        <line num="122" type="stmt" count="1"/>
        <line num="123" type="stmt" count="1"/>
        <line num="126" type="stmt" count="2"/>
        <line num="127" type="stmt" count="2"/>
        <line num="128" type="stmt" count="2"/>
        <line num="129" type="stmt" count="2"/>
        <line num="131" type="stmt" count="3"/>
        <line num="137" type="method" name="pushWorkerToWorkingQueue" crap="1" count="2"/>
        <line num="139" type="stmt" count="2"/>
        <line num="140" type="stmt" count="2"/>
        <line num="144" type="stmt" count="2"/>
        <line num="146" type="stmt" count="2"/>
        <line num="147" type="stmt" count="2"/>
        <line num="148" type="stmt" count="2"/>
        <line num="149" type="stmt" count="2"/>
        <line num="150" type="stmt" count="2"/>
        <line num="151" type="stmt" count="2"/>
        <line num="152" type="stmt" count="2"/>
        <line num="154" type="stmt" count="2"/>
        <line num="161" type="method" name="updateWorkerPid" crap="1" count="2"/>
        <line num="165" type="stmt" count="2"/>
        <line num="166" type="stmt" count="2"/>
        <line num="167" type="stmt" count="2"/>
        <line num="168" type="stmt" count="2"/>
        <line num="169" type="stmt" count="2"/>
        <line num="170" type="stmt" count="2"/>
        <line num="175" type="method" name="removeWorkingQueueEntry" crap="1" count="2"/>
        <line num="179" type="stmt" count="2"/>
        <line num="180" type="stmt" count="2"/>
        <line num="181" type="stmt" count="2"/>
        <line num="182" type="stmt" count="2"/>
        <line num="183" type="stmt" count="2"/>
        <line num="189" type="method" name="pushWorkerStatus" crap="1" count="1"/>
        <line num="193" type="stmt" count="1"/>
        <line num="194" type="stmt" count="1"/>
        <line num="195" type="stmt" count="1"/>
        <line num="196" type="stmt" count="1"/>
        <line num="197" type="stmt" count="1"/>
        <line num="198" type="stmt" count="1"/>
        <line num="204" type="method" name="getWorkerQueue" crap="1" count="2"/>
        <line num="206" type="stmt" count="2"/>
        <line num="213" type="method" name="getWorkerRetry" crap="1" count="2"/>
        <line num="215" type="stmt" count="2"/>
        <line num="222" type="method" name="getWorkerTask" crap="2" count="0"/>
        <line num="224" type="stmt" count="0"/>
        <metrics loc="226" ncloc="171" classes="1" methods="13" coveredmethods="11" conditionals="0" coveredconditionals="0" statements="78" coveredstatements="76" elements="91" coveredelements="87"/>
      </file>
      <file name="/Users/dnaumann/Sites/simpleq/src/DevGarden/simpleq/SchedulerBundle/Service/WorkingQueueHistoryProvider.php">
        <class name="WorkingQueueHistoryProvider" namespace="DevGarden\simpleq\SchedulerBundle\Service">
          <metrics methods="4" coveredmethods="0" conditionals="0" coveredconditionals="0" statements="50" coveredstatements="0" elements="54" coveredelements="0"/>
        </class>
        <line num="21" type="method" name="__construct" crap="2" count="0"/>
        <line num="22" type="stmt" count="0"/>
        <line num="23" type="stmt" count="0"/>
        <line num="24" type="stmt" count="0"/>
        <line num="25" type="stmt" count="0"/>
        <line num="30" type="method" name="archiveWorkingQueueEntry" crap="2" count="0"/>
        <line num="31" type="stmt" count="0"/>
        <line num="32" type="stmt" count="0"/>
        <line num="33" type="stmt" count="0"/>
        <line num="34" type="stmt" count="0"/>
        <line num="35" type="stmt" count="0"/>
        <line num="36" type="stmt" count="0"/>
        <line num="37" type="stmt" count="0"/>
        <line num="38" type="stmt" count="0"/>
        <line num="39" type="stmt" count="0"/>
        <line num="40" type="stmt" count="0"/>
        <line num="41" type="stmt" count="0"/>
        <line num="42" type="stmt" count="0"/>
        <line num="43" type="stmt" count="0"/>
        <line num="44" type="stmt" count="0"/>
        <line num="45" type="stmt" count="0"/>
        <line num="46" type="stmt" count="0"/>
        <line num="47" type="stmt" count="0"/>
        <line num="48" type="stmt" count="0"/>
        <line num="49" type="stmt" count="0"/>
        <line num="50" type="stmt" count="0"/>
        <line num="56" type="method" name="getWorkerHistory" crap="12" count="0"/>
        <line num="57" type="stmt" count="0"/>
        <line num="58" type="stmt" count="0"/>
        <line num="59" type="stmt" count="0"/>
        <line num="60" type="stmt" count="0"/>
        <line num="61" type="stmt" count="0"/>
        <line num="62" type="stmt" count="0"/>
        <line num="63" type="stmt" count="0"/>
        <line num="64" type="stmt" count="0"/>
        <line num="65" type="stmt" count="0"/>
        <line num="66" type="stmt" count="0"/>
        <line num="67" type="stmt" count="0"/>
        <line num="68" type="stmt" count="0"/>
        <line num="69" type="stmt" count="0"/>
        <line num="71" type="stmt" count="0"/>
        <line num="72" type="stmt" count="0"/>
        <line num="80" type="method" name="clearWorkerHistory" crap="6" count="0"/>
        <line num="81" type="stmt" count="0"/>
        <line num="82" type="stmt" count="0"/>
        <line num="83" type="stmt" count="0"/>
        <line num="84" type="stmt" count="0"/>
        <line num="85" type="stmt" count="0"/>
        <line num="86" type="stmt" count="0"/>
        <line num="87" type="stmt" count="0"/>
        <line num="88" type="stmt" count="0"/>
        <line num="89" type="stmt" count="0"/>
        <line num="91" type="stmt" count="0"/>
        <line num="92" type="stmt" count="0"/>
        <metrics loc="92" ncloc="73" classes="1" methods="4" coveredmethods="0" conditionals="0" coveredconditionals="0" statements="50" coveredstatements="0" elements="54" coveredelements="0"/>
      </file>
    </package>
    <package name="DevGarden\simpleq\SchedulerBundle\Tests">
      <file name="/Users/dnaumann/Sites/simpleq/src/DevGarden/simpleq/SchedulerBundle/Tests/WorkerProviderTest.php">
        <class name="WorkerProviderTest" namespace="DevGarden\simpleq\SchedulerBundle\Tests">
          <metrics methods="26" coveredmethods="26" conditionals="0" coveredconditionals="0" statements="133" coveredstatements="133" elements="159" coveredelements="159"/>
        </class>
        <line num="34" type="method" name="setUp" crap="2" count="21"/>
        <line num="36" type="stmt" count="21"/>
        <line num="37" type="stmt" count="21"/>
        <line num="39" type="stmt" count="21"/>
        <line num="40" type="stmt" count="21"/>
        <line num="42" type="stmt" count="21"/>
        <line num="45" type="stmt" count="21"/>
        <line num="46" type="stmt" count="21"/>
        <line num="48" type="stmt" count="21"/>
        <line num="49" type="stmt" count="21"/>
        <line num="50" type="stmt" count="21"/>
        <line num="52" type="stmt" count="21"/>
        <line num="55" type="stmt" count="21"/>
        <line num="57" type="stmt" count="21"/>
        <line num="58" type="stmt" count="21"/>
        <line num="59" type="stmt" count="21"/>
        <line num="60" type="stmt" count="21"/>
        <line num="61" type="stmt" count="21"/>
        <line num="62" type="stmt" count="21"/>
        <line num="65" type="stmt" count="21"/>
        <line num="66" type="stmt" count="21"/>
        <line num="67" type="stmt" count="21"/>
        <line num="68" type="stmt" count="21"/>
        <line num="69" type="stmt" count="21"/>
        <line num="70" type="stmt" count="21"/>
        <line num="71" type="stmt" count="21"/>
        <line num="72" type="stmt" count="21"/>
        <line num="74" type="method" name="tearDown" crap="1" count="21"/>
        <line num="76" type="stmt" count="21"/>
        <line num="77" type="stmt" count="21"/>
        <line num="78" type="stmt" count="21"/>
        <line num="79" type="stmt" count="21"/>
        <line num="81" type="method" name="testGetActiveWorkerCountWithoutName" crap="1" count="1"/>
        <line num="83" type="stmt" count="1"/>
        <line num="84" type="stmt" count="1"/>
        <line num="86" type="method" name="testGetActiveWorkerCountWithName" crap="1" count="1"/>
        <line num="88" type="stmt" count="1"/>
        <line num="89" type="stmt" count="1"/>
        <line num="91" type="method" name="testGetActiveWorkerCountWithWrongName" crap="1" count="1"/>
        <line num="93" type="stmt" count="1"/>
        <line num="94" type="stmt" count="1"/>
        <line num="96" type="method" name="testGetActiveWorkersWithoutName" crap="1" count="1"/>
        <line num="98" type="stmt" count="1"/>
        <line num="99" type="stmt" count="1"/>
        <line num="101" type="method" name="testGetActiveWorkersWithName" crap="1" count="1"/>
        <line num="103" type="stmt" count="1"/>
        <line num="104" type="stmt" count="1"/>
        <line num="105" type="stmt" count="1"/>
        <line num="106" type="stmt" count="1"/>
        <line num="108" type="method" name="testGetActiveWorkersWithNameNotExist" crap="1" count="1"/>
        <line num="110" type="stmt" count="1"/>
        <line num="111" type="stmt" count="1"/>
        <line num="113" type="method" name="testGetWorkingQueueEntryByPid" crap="1" count="1"/>
        <line num="115" type="stmt" count="1"/>
        <line num="116" type="stmt" count="1"/>
        <line num="118" type="method" name="testGetWorkingQueueEntryByPidNotExist" crap="1" count="1"/>
        <line num="120" type="stmt" count="1"/>
        <line num="121" type="stmt" count="1"/>
        <line num="123" type="method" name="testClearQueueWithName" crap="1" count="1"/>
        <line num="125" type="stmt" count="1"/>
        <line num="126" type="stmt" count="1"/>
        <line num="127" type="stmt" count="1"/>
        <line num="128" type="stmt" count="1"/>
        <line num="129" type="stmt" count="1"/>
        <line num="131" type="method" name="testClearQueueWithoutName" crap="1" count="1"/>
        <line num="133" type="stmt" count="1"/>
        <line num="134" type="stmt" count="1"/>
        <line num="135" type="stmt" count="1"/>
        <line num="137" type="method" name="testClearQueueWithNameNotExist" crap="1" count="1"/>
        <line num="139" type="stmt" count="1"/>
        <line num="140" type="stmt" count="1"/>
        <line num="141" type="stmt" count="1"/>
        <line num="143" type="method" name="testPushWorkerToWorkingQueue" crap="1" count="1"/>
        <line num="145" type="stmt" count="1"/>
        <line num="146" type="stmt" count="1"/>
        <line num="147" type="stmt" count="1"/>
        <line num="149" type="method" name="testUpdateWorkerPid" crap="1" count="1"/>
        <line num="151" type="stmt" count="1"/>
        <line num="152" type="stmt" count="1"/>
        <line num="154" type="stmt" count="1"/>
        <line num="155" type="stmt" count="1"/>
        <line num="156" type="stmt" count="1"/>
        <line num="158" type="method" name="testUpdateWorkerPidInvalidTempPid" crap="1" count="1"/>
        <line num="160" type="stmt" count="1"/>
        <line num="161" type="stmt" count="1"/>
        <line num="163" type="stmt" count="1"/>
        <line num="164" type="stmt" count="1"/>
        <line num="165" type="stmt" count="1"/>
        <line num="167" type="method" name="testRemoveWorkingQueueEntry" crap="1" count="1"/>
        <line num="169" type="stmt" count="1"/>
        <line num="170" type="stmt" count="1"/>
        <line num="171" type="stmt" count="1"/>
        <line num="172" type="stmt" count="1"/>
        <line num="174" type="method" name="testRemoveWorkingQueueEntryInvalid" crap="1" count="1"/>
        <line num="176" type="stmt" count="1"/>
        <line num="177" type="stmt" count="1"/>
        <line num="178" type="stmt" count="1"/>
        <line num="180" type="method" name="testPushWorkerStatus" crap="1" count="1"/>
        <line num="182" type="stmt" count="1"/>
        <line num="185" type="stmt" count="1"/>
        <line num="186" type="stmt" count="1"/>
        <line num="187" type="stmt" count="1"/>
        <line num="188" type="stmt" count="1"/>
        <line num="189" type="stmt" count="1"/>
        <line num="191" type="method" name="testGetWorkerQueue" crap="1" count="1"/>
        <line num="193" type="stmt" count="1"/>
        <line num="194" type="stmt" count="1"/>
        <line num="196" type="method" name="testGetWorkerQueueNotExist" crap="1" count="1"/>
        <line num="198" type="stmt" count="1"/>
        <line num="199" type="stmt" count="1"/>
        <line num="201" type="method" name="testGetWorkerRetry" crap="1" count="1"/>
        <line num="203" type="stmt" count="1"/>
        <line num="204" type="stmt" count="1"/>
        <line num="206" type="method" name="testGetWorkerRetryNotExist" crap="1" count="1"/>
        <line num="208" type="stmt" count="1"/>
        <line num="209" type="stmt" count="1"/>
        <line num="214" type="method" name="getDoctrine" crap="1" count="21"/>
        <line num="216" type="stmt" count="21"/>
        <line num="222" type="method" name="persistTestEntry" crap="1" count="21"/>
        <line num="224" type="stmt" count="21"/>
        <line num="225" type="stmt" count="21"/>
        <line num="226" type="stmt" count="21"/>
        <line num="227" type="stmt" count="21"/>
        <line num="228" type="stmt" count="21"/>
        <line num="229" type="stmt" count="21"/>
        <line num="231" type="stmt" count="21"/>
        <line num="233" type="stmt" count="21"/>
        <line num="234" type="stmt" count="21"/>
        <line num="235" type="stmt" count="21"/>
        <line num="236" type="stmt" count="21"/>
        <line num="241" type="method" name="getDataSet" crap="1" count="21"/>
        <line num="243" type="stmt" count="21"/>
        <line num="244" type="stmt" count="21"/>
        <line num="246" type="stmt" count="21"/>
        <line num="249" type="stmt" count="21"/>
        <line num="250" type="stmt" count="21"/>
        <line num="251" type="stmt" count="21"/>
        <line num="252" type="stmt" count="21"/>
        <line num="253" type="stmt" count="21"/>
        <line num="255" type="stmt" count="21"/>
        <line num="257" type="stmt" count="21"/>
        <line num="258" type="stmt" count="21"/>
        <line num="259" type="stmt" count="21"/>
        <line num="260" type="stmt" count="21"/>
        <line num="261" type="stmt" count="21"/>
        <line num="263" type="stmt" count="21"/>
        <line num="265" type="stmt" count="21"/>
        <line num="266" type="stmt" count="21"/>
        <line num="267" type="stmt" count="21"/>
        <line num="268" type="stmt" count="21"/>
        <line num="269" type="stmt" count="21"/>
        <line num="271" type="stmt" count="21"/>
        <line num="273" type="stmt" count="21"/>
        <line num="274" type="stmt" count="21"/>
        <line num="275" type="stmt" count="21"/>
        <line num="276" type="stmt" count="21"/>
        <line num="277" type="stmt" count="21"/>
        <line num="279" type="stmt" count="21"/>
        <line num="281" type="stmt" count="21"/>
        <metrics loc="283" ncloc="260" classes="1" methods="26" coveredmethods="26" conditionals="0" coveredconditionals="0" statements="133" coveredstatements="133" elements="159" coveredelements="159"/>
      </file>
    </package>
    <package name="DevGarden\simpleq\SimpleqBundle\Command">
      <file name="/Users/dnaumann/Sites/simpleq/src/DevGarden/simpleq/SimpleqBundle/Command/BaseDaemonCommand.php">
        <class name="BaseDaemonCommand" namespace="DevGarden\simpleq\SimpleqBundle\Command" fullPackage="DevGarden" package="DevGarden">
          <metrics methods="4" coveredmethods="0" conditionals="0" coveredconditionals="0" statements="28" coveredstatements="0" elements="32" coveredelements="0"/>
        </class>
        <line num="26" type="method" name="assertSingleInstance" crap="30" count="0"/>
        <line num="29" type="stmt" count="0"/>
        <line num="30" type="stmt" count="0"/>
        <line num="31" type="stmt" count="0"/>
        <line num="32" type="stmt" count="0"/>
        <line num="33" type="stmt" count="0"/>
        <line num="34" type="stmt" count="0"/>
        <line num="35" type="stmt" count="0"/>
        <line num="36" type="stmt" count="0"/>
        <line num="37" type="stmt" count="0"/>
        <line num="38" type="stmt" count="0"/>
        <line num="39" type="stmt" count="0"/>
        <line num="42" type="stmt" count="0"/>
        <line num="44" type="stmt" count="0"/>
        <line num="46" type="stmt" count="0"/>
        <line num="47" type="stmt" count="0"/>
        <line num="48" type="stmt" count="0"/>
        <line num="50" type="stmt" count="0"/>
        <line num="51" type="stmt" count="0"/>
        <line num="53" type="stmt" count="0"/>
        <line num="60" type="method" name="formatPidFilePath" crap="2" count="0"/>
        <line num="62" type="stmt" count="0"/>
        <line num="70" type="method" name="getPidFileDirectoryPath" crap="2" count="0"/>
        <line num="72" type="stmt" count="0"/>
        <line num="75" type="method" name="stopDaemon" crap="2" count="0"/>
        <line num="77" type="stmt" count="0"/>
        <line num="78" type="stmt" count="0"/>
        <line num="79" type="stmt" count="0"/>
        <line num="80" type="stmt" count="0"/>
        <line num="81" type="stmt" count="0"/>
        <line num="82" type="stmt" count="0"/>
        <line num="83" type="stmt" count="0"/>
        <metrics loc="83" ncloc="54" classes="1" methods="4" coveredmethods="0" conditionals="0" coveredconditionals="0" statements="28" coveredstatements="0" elements="32" coveredelements="0"/>
      </file>
      <file name="/Users/dnaumann/Sites/simpleq/src/DevGarden/simpleq/SimpleqBundle/Command/QueueCheckCommand.php">
        <class name="QueueCheckCommand" namespace="DevGarden\simpleq\SimpleqBundle\Command">
          <metrics methods="4" coveredmethods="0" conditionals="0" coveredconditionals="0" statements="23" coveredstatements="0" elements="27" coveredelements="0"/>
        </class>
        <line num="12" type="method" name="configure" crap="2" count="0"/>
        <line num="14" type="stmt" count="0"/>
        <line num="15" type="stmt" count="0"/>
        <line num="22" type="method" name="execute" crap="20" count="0"/>
        <line num="24" type="stmt" count="0"/>
        <line num="25" type="stmt" count="0"/>
        <line num="26" type="stmt" count="0"/>
        <line num="28" type="stmt" count="0"/>
        <line num="29" type="stmt" count="0"/>
        <line num="30" type="stmt" count="0"/>
        <line num="31" type="stmt" count="0"/>
        <line num="32" type="stmt" count="0"/>
        <line num="33" type="stmt" count="0"/>
        <line num="34" type="stmt" count="0"/>
        <line num="35" type="stmt" count="0"/>
        <line num="36" type="stmt" count="0"/>
        <line num="37" type="stmt" count="0"/>
        <line num="38" type="stmt" count="0"/>
        <line num="39" type="stmt" count="0"/>
        <line num="40" type="stmt" count="0"/>
        <line num="41" type="stmt" count="0"/>
        <line num="42" type="stmt" count="0"/>
        <line num="44" type="stmt" count="0"/>
        <line num="49" type="method" name="getQueueProvider" crap="2" count="0"/>
        <line num="51" type="stmt" count="0"/>
        <line num="58" type="method" name="getDoctrineManager" crap="2" count="0"/>
        <line num="60" type="stmt" count="0"/>
[...]
        <line num="103" type="stmt" count="1"/>
        <line num="105" type="stmt" count="1"/>
        <line num="106" type="stmt" count="1"/>
        <line num="108" type="stmt" count="1"/>
        <line num="109" type="stmt" count="1"/>
        <line num="110" type="stmt" count="1"/>
        <line num="111" type="stmt" count="1"/>
        <line num="112" type="stmt" count="1"/>
        <line num="113" type="stmt" count="1"/>
        <line num="114" type="stmt" count="1"/>
        <line num="116" type="method" name="testGetQueueByWorkerServiceValid" crap="1" count="1"/>
        <line num="118" type="stmt" count="1"/>
        <line num="119" type="stmt" count="1"/>
        <line num="121" type="method" name="testGetQueueByWorkerServiceInValid" crap="1" count="1"/>
        <line num="123" type="stmt" count="1"/>
        <line num="124" type="stmt" count="1"/>
        <line num="126" type="method" name="testGetRetryByWorkerServiceValid" crap="1" count="1"/>
        <line num="128" type="stmt" count="1"/>
        <line num="129" type="stmt" count="1"/>
        <line num="131" type="method" name="testGetRetryByWorkerServiceNoRetryDefined" crap="1" count="1"/>
        <line num="133" type="stmt" count="1"/>
        <line num="134" type="stmt" count="1"/>
        <line num="136" type="method" name="testGetWorkerValid" crap="1" count="1"/>
        <line num="139" type="stmt" count="1"/>
        <line num="140" type="stmt" count="1"/>
        <line num="141" type="stmt" count="1"/>
        <line num="142" type="stmt" count="1"/>
        <line num="144" type="stmt" count="1"/>
        <line num="145" type="stmt" count="1"/>
        <line num="146" type="stmt" count="1"/>
        <line num="148" type="method" name="testGetWorkerInValid" crap="1" count="1"/>
        <line num="150" type="stmt" count="1"/>
        <line num="151" type="stmt" count="1"/>
        <line num="153" type="method" name="testGetWorkerList" crap="1" count="1"/>
        <line num="157" type="stmt" count="1"/>
        <line num="158" type="stmt" count="1"/>
        <line num="159" type="stmt" count="1"/>
        <line num="160" type="stmt" count="1"/>
        <line num="162" type="stmt" count="1"/>
        <line num="164" type="stmt" count="1"/>
        <line num="165" type="stmt" count="1"/>
        <line num="166" type="stmt" count="1"/>
        <line num="168" type="stmt" count="1"/>
        <line num="170" type="stmt" count="1"/>
        <line num="171" type="stmt" count="1"/>
        <line num="172" type="stmt" count="1"/>
        <line num="173" type="stmt" count="1"/>
        <line num="174" type="stmt" count="1"/>
        <line num="176" type="stmt" count="1"/>
        <line num="178" type="stmt" count="1"/>
        <line num="179" type="stmt" count="1"/>
        <line num="180" type="stmt" count="1"/>
        <line num="181" type="stmt" count="1"/>
        <line num="183" type="stmt" count="1"/>
        <line num="184" type="stmt" count="1"/>
        <line num="185" type="stmt" count="1"/>
        <line num="186" type="stmt" count="1"/>
        <line num="188" type="method" name="testGetQueueHistoryAttributeByQueueIdTrue" crap="1" count="1"/>
        <line num="190" type="stmt" count="1"/>
        <line num="191" type="stmt" count="1"/>
        <line num="193" type="method" name="testGetQueueHistoryAttributeByQueueIdFalse" crap="1" count="1"/>
        <line num="195" type="stmt" count="1"/>
        <line num="196" type="stmt" count="1"/>
        <line num="198" type="method" name="testGetQueueHistoryAttributeByQueueIdNotExist" crap="1" count="1"/>
        <line num="200" type="stmt" count="1"/>
        <line num="201" type="stmt" count="1"/>
        <line num="203" type="method" name="testGetQueueDeleteOnFailureAttributeByQueueIdTrue" crap="1" count="1"/>
        <line num="205" type="stmt" count="1"/>
        <line num="206" type="stmt" count="1"/>
        <line num="208" type="method" name="testGetQueueDeleteOnFailureAttributeByQueueIdFalse" crap="1" count="1"/>
        <line num="210" type="stmt" count="1"/>
        <line num="211" type="stmt" count="1"/>
        <line num="213" type="method" name="testGetQueueDeleteOnFailureAttributeByQueueIdNotExist" crap="1" count="1"/>
        <line num="215" type="stmt" count="1"/>
        <line num="216" type="stmt" count="1"/>
        <line num="218" type="method" name="testQueueTypeChainAttributeByQueueIdTrue" crap="1" count="1"/>
        <line num="220" type="stmt" count="1"/>
        <line num="221" type="stmt" count="1"/>
        <line num="223" type="method" name="testQueueTypeChainAttributeByQueueIdFalse" crap="1" count="1"/>
        <line num="225" type="stmt" count="1"/>
        <line num="226" type="stmt" count="1"/>
        <line num="228" type="method" name="testQueueTypeChainAttributeByQueueIdInvalid" crap="1" count="1"/>
        <line num="230" type="stmt" count="1"/>
        <line num="231" type="stmt" count="1"/>
        <line num="233" type="method" name="testGetQueueTaskChainAttributeByQueueIdValidTrue" crap="1" count="1"/>
        <line num="235" type="stmt" count="1"/>
        <line num="236" type="stmt" count="1"/>
        <line num="237" type="stmt" count="1"/>
        <line num="239" type="method" name="testGetQueueTaskChainAttributeByQueueIdValidFalse" crap="1" count="1"/>
        <line num="241" type="stmt" count="1"/>
        <line num="242" type="stmt" count="1"/>
        <line num="244" type="method" name="testGetQueueTaskChainAttributeByQueueIdInvalid" crap="1" count="1"/>
        <line num="246" type="stmt" count="1"/>
        <line num="247" type="stmt" count="1"/>
        <metrics loc="247" ncloc="244" classes="1" methods="23" coveredmethods="23" conditionals="0" coveredconditionals="0" statements="126" coveredstatements="126" elements="149" coveredelements="149"/>
      </file>
      <file name="/Users/dnaumann/Sites/simpleq/src/DevGarden/simpleq/SimpleqBundle/Tests/DBTestCase.php">
        <class name="DBTestCase" namespace="DevGarden\simpleq\SimpleqBundle\Tests">
          <metrics methods="5" coveredmethods="0" conditionals="0" coveredconditionals="0" statements="29" coveredstatements="0" elements="34" coveredelements="0"/>
        </class>
        <line num="28" type="method" name="setUpConnection" crap="12" count="0"/>
        <line num="30" type="stmt" count="0"/>
        <line num="32" type="stmt" count="0"/>
        <line num="33" type="stmt" count="0"/>
        <line num="34" type="stmt" count="0"/>
        <line num="36" type="stmt" count="0"/>
        <line num="39" type="stmt" count="0"/>
        <line num="40" type="stmt" count="0"/>
        <line num="42" type="stmt" count="0"/>
        <line num="43" type="stmt" count="0"/>
        <line num="44" type="stmt" count="0"/>
        <line num="45" type="stmt" count="0"/>
        <line num="53" type="method" name="getConnection" crap="6" count="0"/>
        <line num="55" type="stmt" count="0"/>
        <line num="56" type="stmt" count="0"/>
        <line num="57" type="stmt" count="0"/>
        <line num="59" type="stmt" count="0"/>
        <line num="65" type="method" name="getDoctrineConnection" crap="6" count="0"/>
        <line num="67" type="stmt" count="0"/>
        <line num="68" type="stmt" count="0"/>
        <line num="69" type="stmt" count="0"/>
        <line num="71" type="stmt" count="0"/>
        <line num="78" type="method" name="connect" crap="2" count="0"/>
        <line num="80" type="stmt" count="0"/>
        <line num="82" type="stmt" count="0"/>
        <line num="83" type="stmt" count="0"/>
        <line num="84" type="stmt" count="0"/>
        <line num="85" type="stmt" count="0"/>
        <line num="87" type="stmt" count="0"/>
        <line num="89" type="stmt" count="0"/>
        <line num="95" type="method" name="tearDownAfterClass" crap="2" count="0"/>
        <line num="97" type="stmt" count="0"/>
        <line num="99" type="stmt" count="0"/>
        <line num="100" type="stmt" count="0"/>
        <metrics loc="100" ncloc="75" classes="1" methods="5" coveredmethods="0" conditionals="0" coveredconditionals="0" statements="29" coveredstatements="0" elements="34" coveredelements="0"/>
      </file>
    </package>
    <package name="DevGarden\simpleq\WorkerBundle\DependencyInjection">
      <file name="/Users/dnaumann/Sites/simpleq/src/DevGarden/simpleq/WorkerBundle/DependencyInjection/Configuration.php">
        <class name="Configuration" namespace="DevGarden\simpleq\WorkerBundle\DependencyInjection">
          <metrics methods="1" coveredmethods="1" conditionals="0" coveredconditionals="0" statements="3" coveredstatements="3" elements="4" coveredelements="4"/>
        </class>
        <line num="18" type="method" name="getConfigTreeBuilder" crap="1" count="1"/>
        <line num="20" type="stmt" count="1"/>
        <line num="21" type="stmt" count="1"/>
        <line num="27" type="stmt" count="1"/>
        <metrics loc="29" ncloc="15" classes="1" methods="1" coveredmethods="1" conditionals="0" coveredconditionals="0" statements="3" coveredstatements="3" elements="4" coveredelements="4"/>
      </file>
      <file name="/Users/dnaumann/Sites/simpleq/src/DevGarden/simpleq/WorkerBundle/DependencyInjection/WorkerExtension.php">
        <class name="WorkerExtension" namespace="DevGarden\simpleq\WorkerBundle\DependencyInjection">
          <metrics methods="1" coveredmethods="1" conditionals="0" coveredconditionals="0" statements="5" coveredstatements="5" elements="6" coveredelements="6"/>
        </class>
        <line num="20" type="method" name="load" crap="1" count="1"/>
        <line num="22" type="stmt" count="1"/>
        <line num="23" type="stmt" count="1"/>
        <line num="25" type="stmt" count="1"/>
        <line num="26" type="stmt" count="1"/>
        <line num="27" type="stmt" count="1"/>
        <metrics loc="28" ncloc="20" classes="1" methods="1" coveredmethods="1" conditionals="0" coveredconditionals="0" statements="5" coveredstatements="5" elements="6" coveredelements="6"/>
      </file>
    </package>
    <package name="DevGarden\simpleq\WorkerBundle\Extension">
      <file name="/Users/dnaumann/Sites/simpleq/src/DevGarden/simpleq/WorkerBundle/Extension/WorkerStatus.php">
        <class name="WorkerStatus" namespace="DevGarden\simpleq\WorkerBundle\Extension">
          <metrics methods="0" coveredmethods="0" conditionals="0" coveredconditionals="0" statements="0" coveredstatements="0" elements="0" coveredelements="0"/>
        </class>
        <metrics loc="20" ncloc="20" classes="1" methods="0" coveredmethods="0" conditionals="0" coveredconditionals="0" statements="0" coveredstatements="0" elements="0" coveredelements="0"/>
      </file>
    </package>
    <package name="DevGarden\simpleq\WorkerBundle\Process">
      <file name="/Users/dnaumann/Sites/simpleq/src/DevGarden/simpleq/WorkerBundle/Process/WorkerRunProcess.php">
        <class name="WorkerRunProcess" namespace="DevGarden\simpleq\WorkerBundle\Process">
          <metrics methods="1" coveredmethods="0" conditionals="0" coveredconditionals="0" statements="4" coveredstatements="0" elements="5" coveredelements="0"/>
        </class>
        <line num="15" type="method" name="executeAsync" crap="2" count="0"/>
        <line num="16" type="stmt" count="0"/>
        <line num="17" type="stmt" count="0"/>
        <line num="18" type="stmt" count="0"/>
        <line num="19" type="stmt" count="0"/>
        <metrics loc="19" ncloc="13" classes="1" methods="1" coveredmethods="0" conditionals="0" coveredconditionals="0" statements="4" coveredstatements="0" elements="5" coveredelements="0"/>
      </file>
    </package>
    <package name="DevGarden\simpleq\WorkerBundle\Service">
      <file name="/Users/dnaumann/Sites/simpleq/src/DevGarden/simpleq/WorkerBundle/Service/BaseWorker.php">
        <class name="BaseWorker" namespace="DevGarden\simpleq\WorkerBundle\Service">
          <metrics methods="10" coveredmethods="0" conditionals="0" coveredconditionals="0" statements="100" coveredstatements="0" elements="110" coveredelements="0"/>
        </class>
        <line num="14" type="method" name="setWorkerStatus" crap="2" count="0"/>
        <line num="15" type="stmt" count="0"/>
        <line num="16" type="stmt" count="0"/>
        <line num="17" type="stmt" count="0"/>
        <line num="22" type="method" name="getWorkerStatus" crap="2" count="0"/>
        <line num="23" type="stmt" count="0"/>
        <line num="24" type="stmt" count="0"/>
        <line num="25" type="stmt" count="0"/>
        <line num="30" type="method" name="setProcessId" crap="2" count="0"/>
        <line num="31" type="stmt" count="0"/>
        <line num="32" type="stmt" count="0"/>
        <line num="33" type="stmt" count="0"/>
        <line num="38" type="method" name="getProcessId" crap="2" count="0"/>
        <line num="39" type="stmt" count="0"/>
        <line num="40" type="stmt" count="0"/>
        <line num="41" type="stmt" count="0"/>
        <line num="51" type="method" name="run" crap="132" count="0"/>
        <line num="52" type="stmt" count="0"/>
        <line num="53" type="stmt" count="0"/>
        <line num="54" type="stmt" count="0"/>
        <line num="55" type="stmt" count="0"/>
        <line num="56" type="stmt" count="0"/>
        <line num="57" type="stmt" count="0"/>
        <line num="58" type="stmt" count="0"/>
        <line num="59" type="stmt" count="0"/>
        <line num="60" type="stmt" count="0"/>
        <line num="61" type="stmt" count="0"/>
        <line num="62" type="stmt" count="0"/>
        <line num="63" type="stmt" count="0"/>
        <line num="64" type="stmt" count="0"/>
        <line num="65" type="stmt" count="0"/>
        <line num="66" type="stmt" count="0"/>
        <line num="67" type="stmt" count="0"/>
        <line num="68" type="stmt" count="0"/>
        <line num="69" type="stmt" count="0"/>
        <line num="70" type="stmt" count="0"/>
        <line num="71" type="stmt" count="0"/>
        <line num="72" type="stmt" count="0"/>
        <line num="73" type="stmt" count="0"/>
        <line num="74" type="stmt" count="0"/>
        <line num="75" type="stmt" count="0"/>
        <line num="76" type="stmt" count="0"/>
        <line num="77" type="stmt" count="0"/>
        <line num="78" type="stmt" count="0"/>
        <line num="79" type="stmt" count="0"/>
        <line num="80" type="stmt" count="0"/>
        <line num="81" type="stmt" count="0"/>
        <line num="82" type="stmt" count="0"/>
        <line num="83" type="stmt" count="0"/>
        <line num="84" type="stmt" count="0"/>
        <line num="85" type="stmt" count="0"/>
        <line num="86" type="stmt" count="0"/>
        <line num="87" type="stmt" count="0"/>
        <line num="88" type="stmt" count="0"/>
        <line num="89" type="stmt" count="0"/>
        <line num="91" type="stmt" count="0"/>
        <line num="92" type="stmt" count="0"/>
        <line num="93" type="stmt" count="0"/>
        <line num="94" type="stmt" count="0"/>
        <line num="95" type="stmt" count="0"/>
        <line num="96" type="stmt" count="0"/>
        <line num="97" type="stmt" count="0"/>
        <line num="98" type="stmt" count="0"/>
        <line num="99" type="stmt" count="0"/>
        <line num="100" type="stmt" count="0"/>
        <line num="101" type="stmt" count="0"/>
        <line num="102" type="stmt" count="0"/>
        <line num="103" type="stmt" count="0"/>
        <line num="104" type="stmt" count="0"/>
        <line num="106" type="stmt" count="0"/>
        <line num="107" type="stmt" count="0"/>
        <line num="108" type="stmt" count="0"/>
        <line num="109" type="stmt" count="0"/>
        <line num="110" type="stmt" count="0"/>
        <line num="111" type="stmt" count="0"/>
        <line num="112" type="stmt" count="0"/>
        <line num="113" type="stmt" count="0"/>
        <line num="114" type="stmt" count="0"/>
        <line num="115" type="stmt" count="0"/>
        <line num="116" type="stmt" count="0"/>
        <line num="117" type="stmt" count="0"/>
        <line num="118" type="stmt" count="0"/>
        <line num="119" type="stmt" count="0"/>
        <line num="120" type="stmt" count="0"/>
        <line num="122" type="stmt" count="0"/>
        <line num="123" type="stmt" count="0"/>
        <line num="124" type="stmt" count="0"/>
        <line num="126" type="stmt" count="0"/>
        <line num="127" type="stmt" count="0"/>
        <line num="133" type="method" name="pushWorkerStatus" crap="2" count="0"/>
        <line num="134" type="stmt" count="0"/>
        <line num="135" type="stmt" count="0"/>
        <line num="136" type="stmt" count="0"/>
        <line num="137" type="stmt" count="0"/>
        <line num="142" type="method" name="getQueueRepository" crap="2" count="0"/>
        <line num="143" type="stmt" count="0"/>
        <line num="144" type="stmt" count="0"/>
        <line num="145" type="stmt" count="0"/>
        <line num="153" type="method" name="prepare" crap="2" count="0"/>
        <line num="154" type="stmt" count="0"/>
        <line num="155" type="stmt" count="0"/>
        <line num="156" type="stmt" count="0"/>
        <line num="164" type="method" name="execute" crap="2" count="0"/>
        <line num="165" type="stmt" count="0"/>
        <line num="166" type="stmt" count="0"/>
        <line num="167" type="stmt" count="0"/>
        <line num="175" type="method" name="endJob" crap="2" count="0"/>
        <line num="176" type="stmt" count="0"/>
        <line num="177" type="stmt" count="0"/>
        <line num="178" type="stmt" count="0"/>
        <metrics loc="178" ncloc="126" classes="1" methods="10" coveredmethods="0" conditionals="0" coveredconditionals="0" statements="100" coveredstatements="0" elements="110" coveredelements="0"/>
      </file>
      <file name="/Users/dnaumann/Sites/simpleq/src/DevGarden/simpleq/WorkerBundle/Service/WorkerInterface.php">
        <class name="WorkerInterface" namespace="DevGarden\simpleq\WorkerBundle\Service">
          <metrics methods="3" coveredmethods="0" conditionals="0" coveredconditionals="0" statements="9" coveredstatements="0" elements="12" coveredelements="0"/>
        </class>
        <line num="50" type="method" name="setWorkerProvider" crap="2" count="0"/>
        <line num="51" type="stmt" count="0"/>
        <line num="52" type="stmt" count="0"/>
        <line num="53" type="stmt" count="0"/>
        <line num="58" type="method" name="setJobProvider" crap="2" count="0"/>
        <line num="59" type="stmt" count="0"/>
        <line num="60" type="stmt" count="0"/>
        <line num="61" type="stmt" count="0"/>
        <line num="66" type="method" name="setHistoryProvider" crap="2" count="0"/>
        <line num="67" type="stmt" count="0"/>
        <line num="68" type="stmt" count="0"/>
        <line num="69" type="stmt" count="0"/>
        <metrics loc="69" ncloc="38" classes="1" methods="3" coveredmethods="0" conditionals="0" coveredconditionals="0" statements="9" coveredstatements="0" elements="12" coveredelements="0"/>
      </file>
    </package>
    <package name="DevGarden\simpleq\WorkerBundle">
      <file name="/Users/dnaumann/Sites/simpleq/src/DevGarden/simpleq/WorkerBundle/WorkerBundle.php">
        <class name="WorkerBundle" namespace="DevGarden\simpleq\WorkerBundle">
          <metrics methods="0" coveredmethods="0" conditionals="0" coveredconditionals="0" statements="0" coveredstatements="0" elements="0" coveredelements="0"/>
        </class>
        <metrics loc="9" ncloc="9" classes="1" methods="0" coveredmethods="0" conditionals="0" coveredconditionals="0" statements="0" coveredstatements="0" elements="0" coveredelements="0"/>
      </file>
    </package>
    <metrics files="57" loc="4844" ncloc="3457" classes="57" methods="296" coveredmethods="114" conditionals="0" coveredconditionals="0" statements="1463" coveredstatements="683" elements="1759" coveredelements="797"/>
  </project>
</coverage>
